Log file open, 08/11/24 09:01:37
LogWindows: Failed to load 'aqProf.dll' (GetLastError=126)
LogWindows: File 'aqProf.dll' does not exist
LogWindows: Failed to load 'VtuneApi.dll' (GetLastError=126)
LogWindows: File 'VtuneApi.dll' does not exist
LogWindows: Failed to load 'VtuneApi32e.dll' (GetLastError=126)
LogWindows: File 'VtuneApi32e.dll' does not exist
LogConsoleResponse: Display: Failed to find resolution value strings in scalability ini. Falling back to default.
LogConsoleResponse: Display: Failed to find resolution value strings in scalability ini. Falling back to default.
LogInit: Display: Running engine for game: UELess8
LogPlatformFile: Not using cached read wrapper
LogTaskGraph: Started task graph with 5 named threads and 71 total threads with 3 sets of task threads.
LogStats: Stats thread started at 0.299138
LogICUInternationalization: ICU TimeZone Detection - Raw Offset: +3:00, Platform Override: ''
LogInit: Display: Loading text-based GConfig....
LogPluginManager: Mounting plugin MeshPainting
LogPluginManager: Mounting plugin XGEController
LogPluginManager: Mounting plugin Paper2D
LogPluginManager: Mounting plugin LightPropagationVolume
LogPluginManager: Mounting plugin AISupport
LogPluginManager: Mounting plugin EnvironmentQueryEditor
LogPluginManager: Mounting plugin GameplayCameras
LogPluginManager: Mounting plugin OodleData
LogPluginManager: Mounting plugin CameraShakePreviewer
LogPluginManager: Mounting plugin CryptoKeys
LogPluginManager: Mounting plugin OodleNetwork
LogPluginManager: Mounting plugin AssetManagerEditor
LogPluginManager: Mounting plugin CurveEditorTools
LogPluginManager: Mounting plugin FacialAnimation
LogPluginManager: Mounting plugin DataValidation
LogPluginManager: Mounting plugin GeometryMode
LogPluginManager: Mounting plugin MobileLauncherProfileWizard
LogPluginManager: Mounting plugin MacGraphicsSwitching
LogPluginManager: Mounting plugin PluginBrowser
LogPluginManager: Mounting plugin MaterialAnalyzer
LogPluginManager: Mounting plugin GameplayTagsEditor
LogPluginManager: Mounting plugin AnimationSharing
LogPluginManager: Mounting plugin SpeedTreeImporter
LogPluginManager: Mounting plugin KDevelopSourceCodeAccess
LogPluginManager: Mounting plugin GitSourceControl
LogPluginManager: Mounting plugin CLionSourceCodeAccess
LogPluginManager: Mounting plugin NullSourceCodeAccess
LogPluginManager: Mounting plugin PixWinPlugin
LogPluginManager: Mounting plugin PlasticSourceControl
LogPluginManager: Mounting plugin CodeLiteSourceCodeAccess
LogPluginManager: Mounting plugin RiderSourceCodeAccess
LogPluginManager: Mounting plugin PropertyAccessNode
LogPluginManager: Mounting plugin PerforceSourceControl
LogPluginManager: Mounting plugin SubversionSourceControl
LogPluginManager: Mounting plugin TextureFormatOodle
LogPluginManager: Mounting plugin UObjectPlugin
LogPluginManager: Mounting plugin PluginUtils
LogPluginManager: Mounting plugin XCodeSourceCodeAccess
LogPluginManager: Mounting plugin VisualStudioCodeSourceCodeAccess
LogPluginManager: Mounting plugin AlembicImporter
LogPluginManager: Mounting plugin DatasmithContent
LogPluginManager: Mounting plugin VisualStudioSourceCodeAccess
LogPluginManager: Mounting plugin ChaosCloth
LogPluginManager: Mounting plugin CharacterAI
LogPluginManager: Mounting plugin ChaosEditor
LogPluginManager: Mounting plugin ChaosSolverPlugin
LogPluginManager: Mounting plugin ChaosClothEditor
LogPluginManager: Mounting plugin BackChannel
LogPluginManager: Mounting plugin VariantManagerContent
LogPluginManager: Mounting plugin GeometryCache
LogPluginManager: Mounting plugin GeometryProcessing
LogPluginManager: Mounting plugin ChaosNiagara
LogPluginManager: Mounting plugin AutomationUtils
LogPluginManager: Mounting plugin Niagara
LogPluginManager: Mounting plugin GeometryCollectionPlugin
LogPluginManager: Mounting plugin PlatformCrypto
LogPluginManager: Mounting plugin PlanarCut
LogPluginManager: Mounting plugin MotoSynth
LogPluginManager: Mounting plugin OpenImageDenoise
LogPluginManager: Mounting plugin PythonScriptPlugin
LogPluginManager: Mounting plugin SkeletalReduction
LogPluginManager: Mounting plugin ProxyLODPlugin
LogPluginManager: Mounting plugin LuminPlatformFeatures
LogPluginManager: Mounting plugin MagicLeap
LogPluginManager: Mounting plugin MagicLeapLightEstimation
LogPluginManager: Mounting plugin MagicLeapMedia
LogPluginManager: Mounting plugin MagicLeapPassableWorld
LogPluginManager: Mounting plugin AndroidMedia
LogPluginManager: Mounting plugin MLSDK
LogPluginManager: Mounting plugin AvfMedia
LogPluginManager: Mounting plugin ImgMedia
LogPluginManager: Mounting plugin MediaCompositing
LogPluginManager: Mounting plugin MediaPlayerEditor
LogPluginManager: Mounting plugin WebMMedia
LogPluginManager: Mounting plugin WmfMedia
LogPluginManager: Mounting plugin ActorSequence
LogPluginManager: Mounting plugin TcpMessaging
LogPluginManager: Mounting plugin MatineeToLevelSequence
LogPluginManager: Mounting plugin UdpMessaging
LogPluginManager: Mounting plugin LevelSequenceEditor
LogPluginManager: Mounting plugin TemplateSequence
LogPluginManager: Mounting plugin OnlineSubsystem
LogPluginManager: Mounting plugin OnlineSubsystemNull
LogPluginManager: Mounting plugin OnlineSubsystemUtils
LogPluginManager: Mounting plugin ActorLayerUtilities
LogPluginManager: Mounting plugin LauncherChunkInstaller
LogPluginManager: Mounting plugin AndroidDeviceProfileSelector
LogPluginManager: Mounting plugin AndroidMoviePlayer
LogPluginManager: Mounting plugin AssetTags
LogPluginManager: Mounting plugin AppleMoviePlayer
LogPluginManager: Mounting plugin ArchVisCharacter
LogPluginManager: Mounting plugin AudioSynesthesia
LogPluginManager: Mounting plugin AudioCapture
LogPluginManager: Mounting plugin AppleImageUtils
LogPluginManager: Mounting plugin CableComponent
LogPluginManager: Mounting plugin CustomMeshComponent
LogPluginManager: Mounting plugin ChunkDownloader
LogPluginManager: Mounting plugin ExampleDeviceProfileSelector
LogPluginManager: Mounting plugin EditableMesh
LogPluginManager: Mounting plugin GoogleCloudMessaging
LogPluginManager: Mounting plugin GooglePAD
LogPluginManager: Mounting plugin IOSDeviceProfileSelector
LogPluginManager: Mounting plugin AndroidPermission
LogPluginManager: Mounting plugin LocationServicesBPLibrary
LogPluginManager: Mounting plugin LinuxDeviceProfileSelector
LogPluginManager: Mounting plugin MobilePatchingUtils
LogPluginManager: Mounting plugin OpenXR
LogPluginManager: Mounting plugin OpenXREyeTracker
LogPluginManager: Mounting plugin OpenXRHandTracking
LogPluginManager: Mounting plugin PostSplashScreen
LogPluginManager: Mounting plugin ScreenshotTools
LogPluginManager: Mounting plugin PhysXVehicles
LogPluginManager: Mounting plugin RuntimePhysXCooking
LogPluginManager: Mounting plugin ProceduralMeshComponent
LogPluginManager: Mounting plugin SignificanceManager
LogPluginManager: Mounting plugin SoundFields
LogPluginManager: Mounting plugin PropertyAccessEditor
LogPluginManager: Mounting plugin WebMMoviePlayer
LogPluginManager: Mounting plugin WindowsMoviePlayer
LogPluginManager: Mounting plugin Synthesis
LogPluginManager: Mounting plugin Takes
LogPluginManager: Mounting plugin LiveLink
LogPluginManager: Mounting plugin ContentBrowserAssetDataSource
LogPluginManager: Mounting plugin ContentBrowserClassDataSource
LogPluginManager: Mounting plugin ContentBrowserFileDataSource
LogPluginManager: Mounting plugin OnlineSubsystemGooglePlay
LogPluginManager: Mounting plugin OnlineSubsystemIOS
LogPluginManager: Mounting plugin OculusVR
LogPluginManager: Mounting plugin SteamVR
PixWinPlugin: PIX capture plugin failed to initialize! Check that the process is launched from PIX.
LogLuminAPIImpl: Warning: MLSDK not found.  This likely means the MLSDK environment variable is not set.
LogInit: Using libcurl 7.55.1-DEV
LogInit:  - built for x86_64-pc-win32
LogInit:  - supports SSL with OpenSSL/1.1.1
LogInit:  - supports HTTP deflate (compression) using libz 1.2.8
LogInit:  - other features:
LogInit:      CURL_VERSION_SSL
LogInit:      CURL_VERSION_LIBZ
LogInit:      CURL_VERSION_IPV6
LogInit:      CURL_VERSION_ASYNCHDNS
LogInit:      CURL_VERSION_LARGEFILE
LogInit:      CURL_VERSION_IDN
LogInit:  CurlRequestOptions (configurable via config and command line):
LogInit:  - bVerifyPeer = true  - Libcurl will verify peer certificate
LogInit:  - bUseHttpProxy = false  - Libcurl will NOT use HTTP proxy
LogInit:  - bDontReuseConnections = false  - Libcurl will reuse connections
LogInit:  - MaxHostConnections = 16  - Libcurl will limit the number of connections to a host
LogInit:  - LocalHostAddr = Default
LogInit:  - BufferSize = 65536
LogOnline: OSS: Creating online subsystem instance for: NULL
LogInit: WinSock: version 1.1 (2.2), MaxSocks=32767, MaxUdp=65467
LogOnline: OSS: TryLoadSubsystemAndSetDefault: Loaded subsystem for module [NULL]
LogOculusPluginWrapper: OculusPlugin initialized successfully
LogHMD: Failed initializing OVRPlugin 1.59.0
LogInit: Build: ++UE4+Release-4.27-CL-18319896
LogInit: Engine Version: 4.27.2-18319896+++UE4+Release-4.27
LogInit: Compatible Engine Version: 4.27.0-17155196+++UE4+Release-4.27
LogInit: Net CL: 17155196
LogInit: OS: Windows 10 (Release 2009) (), CPU: Intel(R) Xeon(R) CPU E5-2670 v3 @ 2.30GHz, GPU: NVIDIA GeForce RTX 3060
LogInit: Compiled (64-bit): Nov 30 2021 07:12:08
LogInit: Compiled with Visual C++: 19.24.28315.00
LogInit: Build Configuration: Development
LogInit: Branch Name: ++UE4+Release-4.27
LogInit: Command Line: 
LogInit: Base Directory: C:/Program Files/Epic Games/UE_4.27/Engine/Binaries/Win64/
LogInit: Allocator: TBB
LogInit: Installed Engine Build: 1
LogDevObjectVersion: Number of dev versions registered: 29
LogDevObjectVersion:   Dev-Blueprints (B0D832E4-1F89-4F0D-ACCF-7EB736FD4AA2): 10
LogDevObjectVersion:   Dev-Build (E1C64328-A22C-4D53-A36C-8E866417BD8C): 0
LogDevObjectVersion:   Dev-Core (375EC13C-06E4-48FB-B500-84F0262A717E): 4
LogDevObjectVersion:   Dev-Editor (E4B068ED-F494-42E9-A231-DA0B2E46BB41): 40
LogDevObjectVersion:   Dev-Framework (CFFC743F-43B0-4480-9391-14DF171D2073): 37
LogDevObjectVersion:   Dev-Mobile (B02B49B5-BB20-44E9-A304-32B752E40360): 3
LogDevObjectVersion:   Dev-Networking (A4E4105C-59A1-49B5-A7C5-40C4547EDFEE): 0
LogDevObjectVersion:   Dev-Online (39C831C9-5AE6-47DC-9A44-9C173E1C8E7C): 0
LogDevObjectVersion:   Dev-Physics (78F01B33-EBEA-4F98-B9B4-84EACCB95AA2): 14
LogDevObjectVersion:   Dev-Platform (6631380F-2D4D-43E0-8009-CF276956A95A): 0
LogDevObjectVersion:   Dev-Rendering (12F88B9F-8875-4AFC-A67C-D90C383ABD29): 45
LogDevObjectVersion:   Dev-Sequencer (7B5AE74C-D270-4C10-A958-57980B212A5A): 13
LogDevObjectVersion:   Dev-VR (D7296918-1DD6-4BDD-9DE2-64A83CC13884): 3
LogDevObjectVersion:   Dev-LoadTimes (C2A15278-BFE7-4AFE-6C17-90FF531DF755): 1
LogDevObjectVersion:   Private-Geometry (6EACA3D4-40EC-4CC1-B786-8BED09428FC5): 3
LogDevObjectVersion:   Dev-AnimPhys (29E575DD-E0A3-4627-9D10-D276232CDCEA): 17
LogDevObjectVersion:   Dev-Anim (AF43A65D-7FD3-4947-9873-3E8ED9C1BB05): 15
LogDevObjectVersion:   Dev-ReflectionCapture (6B266CEC-1EC7-4B8F-A30B-E4D90942FC07): 1
LogDevObjectVersion:   Dev-Automation (0DF73D61-A23F-47EA-B727-89E90C41499A): 1
LogDevObjectVersion:   FortniteMain (601D1886-AC64-4F84-AA16-D3DE0DEAC7D6): 47
LogDevObjectVersion:   FortniteRelease (E7086368-6B23-4C58-8439-1B7016265E91): 1
LogDevObjectVersion:   Dev-Enterprise (9DFFBCD6-494F-0158-E221-12823C92A888): 10
LogDevObjectVersion:   Dev-Niagara (F2AED0AC-9AFE-416F-8664-AA7FFA26D6FC): 1
LogDevObjectVersion:   Dev-Destruction (174F1F0B-B4C6-45A5-B13F-2EE8D0FB917D): 10
LogDevObjectVersion:   Dev-Physics-Ext (35F94A83-E258-406C-A318-09F59610247C): 41
LogDevObjectVersion:   Dev-PhysicsMaterial-Chaos (B68FC16E-8B1B-42E2-B453-215C058844FE): 1
LogDevObjectVersion:   Dev-CineCamera (B2E18506-4273-CFC2-A54E-F4BB758BBA07): 1
LogDevObjectVersion:   Dev-VirtualProduction (64F58936-FD1B-42BA-BA96-7289D5D0FA4E): 1
LogDevObjectVersion:   Dev-MediaFramework (6F0ED827-A609-4895-9C91-998D90180EA4): 2
LogInit: Presizing for max 25165824 objects, including 0 objects not considered by GC, pre-allocating 0 bytes for permanent pool.
LogConfig: Applying CVar settings from Section [/Script/Engine.StreamingSettings] File [C:/Github/UELess8/Saved/Config/Windows/Engine.ini]
LogConfig: Setting CVar [[s.MinBulkDataSizeForAsyncLoading:131072]]
LogConfig: Setting CVar [[s.AsyncLoadingThreadEnabled:0]]
LogConfig: Setting CVar [[s.EventDrivenLoaderEnabled:1]]
LogConfig: Setting CVar [[s.WarnIfTimeLimitExceeded:0]]
LogConfig: Setting CVar [[s.TimeLimitExceededMultiplier:1.5]]
LogConfig: Setting CVar [[s.TimeLimitExceededMinTime:0.005]]
LogConfig: Setting CVar [[s.UseBackgroundLevelStreaming:1]]
LogConfig: Setting CVar [[s.PriorityAsyncLoadingExtraTime:15.0]]
LogConfig: Setting CVar [[s.LevelStreamingActorsUpdateTimeLimit:5.0]]
LogConfig: Setting CVar [[s.PriorityLevelStreamingActorsUpdateExtraTime:5.0]]
LogConfig: Setting CVar [[s.LevelStreamingComponentsRegistrationGranularity:10]]
LogConfig: Setting CVar [[s.UnregisterComponentsTimeLimit:1.0]]
LogConfig: Setting CVar [[s.LevelStreamingComponentsUnregistrationGranularity:5]]
LogConfig: Setting CVar [[s.FlushStreamingOnExit:1]]
LogInit: Object subsystem initialized
LogConfig: Setting CVar [[con.DebugEarlyDefault:1]]
LogConfig: Setting CVar [[r.setres:1280x720]]
[2024.08.11-06.01.38:119][  0]LogConfig: Setting CVar [[r.VSync:0]]
[2024.08.11-06.01.38:119][  0]LogConfig: Setting CVar [[r.RHICmdBypass:0]]
[2024.08.11-06.01.38:119][  0]LogConfig: Applying CVar settings from Section [/Script/Engine.RendererSettings] File [C:/Github/UELess8/Saved/Config/Windows/Engine.ini]
[2024.08.11-06.01.38:119][  0]LogConfig: Setting CVar [[r.GPUCrashDebugging:0]]
[2024.08.11-06.01.38:119][  0]LogConfig: Applying CVar settings from Section [/Script/Engine.RendererOverrideSettings] File [C:/Github/UELess8/Saved/Config/Windows/Engine.ini]
[2024.08.11-06.01.38:119][  0]LogConfig: Applying CVar settings from Section [/Script/Engine.StreamingSettings] File [C:/Github/UELess8/Saved/Config/Windows/Engine.ini]
[2024.08.11-06.01.38:119][  0]LogConfig: Setting CVar [[s.MinBulkDataSizeForAsyncLoading:131072]]
[2024.08.11-06.01.38:119][  0]LogConfig: Setting CVar [[s.AsyncLoadingThreadEnabled:0]]
[2024.08.11-06.01.38:119][  0]LogConfig: Setting CVar [[s.EventDrivenLoaderEnabled:1]]
[2024.08.11-06.01.38:119][  0]LogConfig: Setting CVar [[s.WarnIfTimeLimitExceeded:0]]
[2024.08.11-06.01.38:119][  0]LogConfig: Setting CVar [[s.TimeLimitExceededMultiplier:1.5]]
[2024.08.11-06.01.38:119][  0]LogConfig: Setting CVar [[s.TimeLimitExceededMinTime:0.005]]
[2024.08.11-06.01.38:119][  0]LogConfig: Setting CVar [[s.UseBackgroundLevelStreaming:1]]
[2024.08.11-06.01.38:119][  0]LogConfig: Setting CVar [[s.PriorityAsyncLoadingExtraTime:15.0]]
[2024.08.11-06.01.38:119][  0]LogConfig: Setting CVar [[s.LevelStreamingActorsUpdateTimeLimit:5.0]]
[2024.08.11-06.01.38:119][  0]LogConfig: Setting CVar [[s.PriorityLevelStreamingActorsUpdateExtraTime:5.0]]
[2024.08.11-06.01.38:119][  0]LogConfig: Setting CVar [[s.LevelStreamingComponentsRegistrationGranularity:10]]
[2024.08.11-06.01.38:119][  0]LogConfig: Setting CVar [[s.UnregisterComponentsTimeLimit:1.0]]
[2024.08.11-06.01.38:119][  0]LogConfig: Setting CVar [[s.LevelStreamingComponentsUnregistrationGranularity:5]]
[2024.08.11-06.01.38:119][  0]LogConfig: Setting CVar [[s.FlushStreamingOnExit:1]]
[2024.08.11-06.01.38:119][  0]LogConfig: Applying CVar settings from Section [/Script/Engine.GarbageCollectionSettings] File [C:/Github/UELess8/Saved/Config/Windows/Engine.ini]
[2024.08.11-06.01.38:119][  0]LogConfig: Setting CVar [[gc.MaxObjectsNotConsideredByGC:1]]
[2024.08.11-06.01.38:119][  0]LogConfig: Setting CVar [[gc.SizeOfPermanentObjectPool:0]]
[2024.08.11-06.01.38:119][  0]LogConfig: Setting CVar [[gc.FlushStreamingOnGC:0]]
[2024.08.11-06.01.38:119][  0]LogConfig: Setting CVar [[gc.NumRetriesBeforeForcingGC:10]]
[2024.08.11-06.01.38:119][  0]LogConfig: Setting CVar [[gc.AllowParallelGC:1]]
[2024.08.11-06.01.38:119][  0]LogConfig: Setting CVar [[gc.TimeBetweenPurgingPendingKillObjects:61.1]]
[2024.08.11-06.01.38:119][  0]LogConfig: Setting CVar [[gc.MaxObjectsInEditor:25165824]]
[2024.08.11-06.01.38:119][  0]LogConfig: Setting CVar [[gc.IncrementalBeginDestroyEnabled:1]]
[2024.08.11-06.01.38:119][  0]LogConfig: Setting CVar [[gc.CreateGCClusters:1]]
[2024.08.11-06.01.38:119][  0]LogConfig: Setting CVar [[gc.MinGCClusterSize:5]]
[2024.08.11-06.01.38:119][  0]LogConfig: Setting CVar [[gc.ActorClusteringEnabled:0]]
[2024.08.11-06.01.38:119][  0]LogConfig: Setting CVar [[gc.BlueprintClusteringEnabled:0]]
[2024.08.11-06.01.38:119][  0]LogConfig: Setting CVar [[gc.UseDisregardForGCOnDedicatedServers:0]]
[2024.08.11-06.01.38:119][  0]LogConfig: Setting CVar [[gc.MultithreadedDestructionEnabled:1]]
[2024.08.11-06.01.38:119][  0]LogConfig: Applying CVar settings from Section [/Script/Engine.NetworkSettings] File [C:/Github/UELess8/Saved/Config/Windows/Engine.ini]
[2024.08.11-06.01.38:119][  0]LogConfig: Applying CVar settings from Section [/Script/UnrealEd.CookerSettings] File [C:/Github/UELess8/Saved/Config/Windows/Engine.ini]
[2024.08.11-06.01.38:152][  0]LogConfig: Applying CVar settings from Section [ViewDistanceQuality@3] File [C:/Github/UELess8/Saved/Config/Windows/Scalability.ini]
[2024.08.11-06.01.38:152][  0]LogConfig: Setting CVar [[r.SkeletalMeshLODBias:0]]
[2024.08.11-06.01.38:152][  0]LogConfig: Setting CVar [[r.ViewDistanceScale:1.0]]
[2024.08.11-06.01.38:152][  0]LogConfig: Applying CVar settings from Section [AntiAliasingQuality@3] File [C:/Github/UELess8/Saved/Config/Windows/Scalability.ini]
[2024.08.11-06.01.38:152][  0]LogConfig: Setting CVar [[r.PostProcessAAQuality:4]]
[2024.08.11-06.01.38:152][  0]LogConfig: Applying CVar settings from Section [ShadowQuality@3] File [C:/Github/UELess8/Saved/Config/Windows/Scalability.ini]
[2024.08.11-06.01.38:152][  0]LogConfig: Setting CVar [[r.LightFunctionQuality:1]]
[2024.08.11-06.01.38:152][  0]LogConfig: Setting CVar [[r.ShadowQuality:5]]
[2024.08.11-06.01.38:152][  0]LogConfig: Setting CVar [[r.Shadow.CSM.MaxCascades:10]]
[2024.08.11-06.01.38:152][  0]LogConfig: Setting CVar [[r.Shadow.MaxResolution:2048]]
[2024.08.11-06.01.38:152][  0]LogConfig: Setting CVar [[r.Shadow.MaxCSMResolution:2048]]
[2024.08.11-06.01.38:152][  0]LogConfig: Setting CVar [[r.Shadow.RadiusThreshold:0.01]]
[2024.08.11-06.01.38:152][  0]LogConfig: Setting CVar [[r.Shadow.DistanceScale:1.0]]
[2024.08.11-06.01.38:152][  0]LogConfig: Setting CVar [[r.Shadow.CSM.TransitionScale:1.0]]
[2024.08.11-06.01.38:152][  0]LogConfig: Setting CVar [[r.Shadow.PreShadowResolutionFactor:1.0]]
[2024.08.11-06.01.38:152][  0]LogConfig: Setting CVar [[r.DistanceFieldShadowing:1]]
[2024.08.11-06.01.38:152][  0]LogConfig: Setting CVar [[r.DistanceFieldAO:1]]
[2024.08.11-06.01.38:152][  0]LogConfig: Setting CVar [[r.AOQuality:2]]
[2024.08.11-06.01.38:152][  0]LogConfig: Setting CVar [[r.VolumetricFog:1]]
[2024.08.11-06.01.38:152][  0]LogConfig: Setting CVar [[r.VolumetricFog.GridPixelSize:8]]
[2024.08.11-06.01.38:152][  0]LogConfig: Setting CVar [[r.VolumetricFog.GridSizeZ:128]]
[2024.08.11-06.01.38:152][  0]LogConfig: Setting CVar [[r.VolumetricFog.HistoryMissSupersampleCount:4]]
[2024.08.11-06.01.38:152][  0]LogConfig: Setting CVar [[r.LightMaxDrawDistanceScale:1]]
[2024.08.11-06.01.38:152][  0]LogConfig: Setting CVar [[r.CapsuleShadows:1]]
[2024.08.11-06.01.38:152][  0]LogConfig: Applying CVar settings from Section [PostProcessQuality@3] File [C:/Github/UELess8/Saved/Config/Windows/Scalability.ini]
[2024.08.11-06.01.38:152][  0]LogConfig: Setting CVar [[r.MotionBlurQuality:4]]
[2024.08.11-06.01.38:152][  0]LogConfig: Setting CVar [[r.AmbientOcclusionMipLevelFactor:0.4]]
[2024.08.11-06.01.38:152][  0]LogConfig: Setting CVar [[r.AmbientOcclusionMaxQuality:100]]
[2024.08.11-06.01.38:152][  0]LogConfig: Setting CVar [[r.AmbientOcclusionLevels:-1]]
[2024.08.11-06.01.38:152][  0]LogConfig: Setting CVar [[r.AmbientOcclusionRadiusScale:1.0]]
[2024.08.11-06.01.38:152][  0]LogConfig: Setting CVar [[r.DepthOfFieldQuality:2]]
[2024.08.11-06.01.38:152][  0]LogConfig: Setting CVar [[r.RenderTargetPoolMin:400]]
[2024.08.11-06.01.38:152][  0]LogConfig: Setting CVar [[r.LensFlareQuality:2]]
[2024.08.11-06.01.38:152][  0]LogConfig: Setting CVar [[r.SceneColorFringeQuality:1]]
[2024.08.11-06.01.38:152][  0]LogConfig: Setting CVar [[r.EyeAdaptationQuality:2]]
[2024.08.11-06.01.38:152][  0]LogConfig: Setting CVar [[r.BloomQuality:5]]
[2024.08.11-06.01.38:152][  0]LogConfig: Setting CVar [[r.FastBlurThreshold:100]]
[2024.08.11-06.01.38:152][  0]LogConfig: Setting CVar [[r.Upscale.Quality:3]]
[2024.08.11-06.01.38:153][  0]LogConfig: Setting CVar [[r.Tonemapper.GrainQuantization:1]]
[2024.08.11-06.01.38:153][  0]LogConfig: Setting CVar [[r.LightShaftQuality:1]]
[2024.08.11-06.01.38:153][  0]LogConfig: Setting CVar [[r.Filter.SizeScale:1]]
[2024.08.11-06.01.38:153][  0]LogConfig: Setting CVar [[r.Tonemapper.Quality:5]]
[2024.08.11-06.01.38:153][  0]LogConfig: Setting CVar [[r.DOF.Gather.AccumulatorQuality:1        ; higher gathering accumulator quality]]
[2024.08.11-06.01.38:153][  0]LogConfig: Setting CVar [[r.DOF.Gather.PostfilterMethod:1          ; Median3x3 postfilering method]]
[2024.08.11-06.01.38:153][  0]LogConfig: Setting CVar [[r.DOF.Gather.EnableBokehSettings:0       ; no bokeh simulation when gathering]]
[2024.08.11-06.01.38:153][  0]LogConfig: Setting CVar [[r.DOF.Gather.RingCount:4                 ; medium number of samples when gathering]]
[2024.08.11-06.01.38:153][  0]LogConfig: Setting CVar [[r.DOF.Scatter.ForegroundCompositing:1    ; additive foreground scattering]]
[2024.08.11-06.01.38:153][  0]LogConfig: Setting CVar [[r.DOF.Scatter.BackgroundCompositing:2    ; additive background scattering]]
[2024.08.11-06.01.38:153][  0]LogConfig: Setting CVar [[r.DOF.Scatter.EnableBokehSettings:1      ; bokeh simulation when scattering]]
[2024.08.11-06.01.38:153][  0]LogConfig: Setting CVar [[r.DOF.Scatter.MaxSpriteRatio:0.1         ; only a maximum of 10% of scattered bokeh]]
[2024.08.11-06.01.38:153][  0]LogConfig: Setting CVar [[r.DOF.Recombine.Quality:1                ; cheap slight out of focus]]
[2024.08.11-06.01.38:153][  0]LogConfig: Setting CVar [[r.DOF.Recombine.EnableBokehSettings:0    ; no bokeh simulation on slight out of focus]]
[2024.08.11-06.01.38:153][  0]LogConfig: Setting CVar [[r.DOF.TemporalAAQuality:1                ; more stable temporal accumulation]]
[2024.08.11-06.01.38:153][  0]LogConfig: Setting CVar [[r.DOF.Kernel.MaxForegroundRadius:0.025]]
[2024.08.11-06.01.38:153][  0]LogConfig: Setting CVar [[r.DOF.Kernel.MaxBackgroundRadius:0.025]]
[2024.08.11-06.01.38:153][  0]LogConfig: Applying CVar settings from Section [TextureQuality@3] File [C:/Github/UELess8/Saved/Config/Windows/Scalability.ini]
[2024.08.11-06.01.38:153][  0]LogConfig: Setting CVar [[r.Streaming.MipBias:0]]
[2024.08.11-06.01.38:153][  0]LogConfig: Setting CVar [[r.Streaming.AmortizeCPUToGPUCopy:0]]
[2024.08.11-06.01.38:153][  0]LogConfig: Setting CVar [[r.Streaming.MaxNumTexturesToStreamPerFrame:0]]
[2024.08.11-06.01.38:153][  0]LogConfig: Setting CVar [[r.Streaming.Boost:1]]
[2024.08.11-06.01.38:153][  0]LogConfig: Setting CVar [[r.MaxAnisotropy:8]]
[2024.08.11-06.01.38:153][  0]LogConfig: Setting CVar [[r.VT.MaxAnisotropy:8]]
[2024.08.11-06.01.38:153][  0]LogConfig: Setting CVar [[r.Streaming.LimitPoolSizeToVRAM:0]]
[2024.08.11-06.01.38:153][  0]LogConfig: Setting CVar [[r.Streaming.PoolSize:1000]]
[2024.08.11-06.01.38:153][  0]LogConfig: Setting CVar [[r.Streaming.MaxEffectiveScreenSize:0]]
[2024.08.11-06.01.38:153][  0]LogConfig: Applying CVar settings from Section [EffectsQuality@3] File [C:/Github/UELess8/Saved/Config/Windows/Scalability.ini]
[2024.08.11-06.01.38:153][  0]LogConfig: Setting CVar [[r.TranslucencyLightingVolumeDim:64]]
[2024.08.11-06.01.38:153][  0]LogConfig: Setting CVar [[r.RefractionQuality:2]]
[2024.08.11-06.01.38:153][  0]LogConfig: Setting CVar [[r.SSR.Quality:3]]
[2024.08.11-06.01.38:153][  0]LogConfig: Setting CVar [[r.SSR.HalfResSceneColor:0]]
[2024.08.11-06.01.38:153][  0]LogConfig: Setting CVar [[r.SceneColorFormat:4]]
[2024.08.11-06.01.38:153][  0]LogConfig: Setting CVar [[r.DetailMode:2]]
[2024.08.11-06.01.38:153][  0]LogConfig: Setting CVar [[r.TranslucencyVolumeBlur:1]]
[2024.08.11-06.01.38:153][  0]LogConfig: Setting CVar [[r.MaterialQualityLevel:1 ; High quality]]
[2024.08.11-06.01.38:153][  0]LogConfig: Setting CVar [[r.AnisotropicMaterials:1]]
[2024.08.11-06.01.38:153][  0]LogConfig: Setting CVar [[r.SSS.Scale:1]]
[2024.08.11-06.01.38:153][  0]LogConfig: Setting CVar [[r.SSS.SampleSet:2]]
[2024.08.11-06.01.38:153][  0]LogConfig: Setting CVar [[r.SSS.Quality:1]]
[2024.08.11-06.01.38:153][  0]LogConfig: Setting CVar [[r.SSS.HalfRes:0]]
[2024.08.11-06.01.38:153][  0]LogConfig: Setting CVar [[r.SSGI.Quality:3]]
[2024.08.11-06.01.38:153][  0]LogConfig: Setting CVar [[r.EmitterSpawnRateScale:1.0]]
[2024.08.11-06.01.38:153][  0]LogConfig: Setting CVar [[r.ParticleLightQuality:2]]
[2024.08.11-06.01.38:153][  0]LogConfig: Setting CVar [[r.SkyAtmosphere.AerialPerspectiveLUT.FastApplyOnOpaque:1 ; Always have FastSkyLUT 1 in this case to avoid wrong sky]]
[2024.08.11-06.01.38:153][  0]LogConfig: Setting CVar [[r.SkyAtmosphere.AerialPerspectiveLUT.SampleCountMaxPerSlice:4]]
[2024.08.11-06.01.38:153][  0]LogConfig: Setting CVar [[r.SkyAtmosphere.AerialPerspectiveLUT.DepthResolution:16.0]]
[2024.08.11-06.01.38:153][  0]LogConfig: Setting CVar [[r.SkyAtmosphere.FastSkyLUT:1]]
[2024.08.11-06.01.38:153][  0]LogConfig: Setting CVar [[r.SkyAtmosphere.FastSkyLUT.SampleCountMin:4.0]]
[2024.08.11-06.01.38:153][  0]LogConfig: Setting CVar [[r.SkyAtmosphere.FastSkyLUT.SampleCountMax:128.0]]
[2024.08.11-06.01.38:153][  0]LogConfig: Setting CVar [[r.SkyAtmosphere.SampleCountMin:4.0]]
[2024.08.11-06.01.38:153][  0]LogConfig: Setting CVar [[r.SkyAtmosphere.SampleCountMax:128.0]]
[2024.08.11-06.01.38:153][  0]LogConfig: Setting CVar [[r.SkyAtmosphere.TransmittanceLUT.UseSmallFormat:0]]
[2024.08.11-06.01.38:153][  0]LogConfig: Setting CVar [[r.SkyAtmosphere.TransmittanceLUT.SampleCount:10.0]]
[2024.08.11-06.01.38:153][  0]LogConfig: Setting CVar [[r.SkyAtmosphere.MultiScatteringLUT.SampleCount:15.0]]
[2024.08.11-06.01.38:153][  0]LogConfig: Setting CVar [[r.SkyLight.RealTimeReflectionCapture:1]]
[2024.08.11-06.01.38:153][  0]LogConfig: Applying CVar settings from Section [FoliageQuality@3] File [C:/Github/UELess8/Saved/Config/Windows/Scalability.ini]
[2024.08.11-06.01.38:153][  0]LogConfig: Setting CVar [[foliage.DensityScale:1.0]]
[2024.08.11-06.01.38:153][  0]LogConfig: Setting CVar [[grass.DensityScale:1.0]]
[2024.08.11-06.01.38:153][  0]LogConfig: Applying CVar settings from Section [ShadingQuality@3] File [C:/Github/UELess8/Saved/Config/Windows/Scalability.ini]
[2024.08.11-06.01.38:153][  0]LogConfig: Setting CVar [[r.HairStrands.SkyLighting.IntegrationType:2]]
[2024.08.11-06.01.38:153][  0]LogConfig: Setting CVar [[r.HairStrands.SkyAO.SampleCount:4]]
[2024.08.11-06.01.38:153][  0]LogConfig: Setting CVar [[r.HairStrands.Visibility.MSAA.SamplePerPixel:4]]
[2024.08.11-06.01.38:153][  0]LogInit: Selected Device Profile: [Windows]
[2024.08.11-06.01.38:153][  0]LogInit: Applying CVar settings loaded from the selected device profile: [Windows]
[2024.08.11-06.01.38:154][  0]LogHAL: Display: Platform has ~ 16 GB [17080381440 / 17179869184 / 16], which maps to Larger [LargestMinGB=32, LargerMinGB=12, DefaultMinGB=8, SmallerMinGB=6, SmallestMinGB=0)
[2024.08.11-06.01.38:154][  0]LogInit: Going up to parent DeviceProfile []
[2024.08.11-06.01.38:154][  0]LogConfig: Applying CVar settings from Section [ViewDistanceQuality@3] File [C:/Github/UELess8/Saved/Config/Windows/Scalability.ini]
[2024.08.11-06.01.38:154][  0]LogConfig: Setting CVar [[r.SkeletalMeshLODBias:0]]
[2024.08.11-06.01.38:154][  0]LogConfig: Setting CVar [[r.ViewDistanceScale:1.0]]
[2024.08.11-06.01.38:154][  0]LogConfig: Applying CVar settings from Section [AntiAliasingQuality@3] File [C:/Github/UELess8/Saved/Config/Windows/Scalability.ini]
[2024.08.11-06.01.38:154][  0]LogConfig: Setting CVar [[r.PostProcessAAQuality:4]]
[2024.08.11-06.01.38:154][  0]LogConfig: Applying CVar settings from Section [ShadowQuality@3] File [C:/Github/UELess8/Saved/Config/Windows/Scalability.ini]
[2024.08.11-06.01.38:154][  0]LogConfig: Setting CVar [[r.LightFunctionQuality:1]]
[2024.08.11-06.01.38:154][  0]LogConfig: Setting CVar [[r.ShadowQuality:5]]
[2024.08.11-06.01.38:154][  0]LogConfig: Setting CVar [[r.Shadow.CSM.MaxCascades:10]]
[2024.08.11-06.01.38:154][  0]LogConfig: Setting CVar [[r.Shadow.MaxResolution:2048]]
[2024.08.11-06.01.38:154][  0]LogConfig: Setting CVar [[r.Shadow.MaxCSMResolution:2048]]
[2024.08.11-06.01.38:154][  0]LogConfig: Setting CVar [[r.Shadow.RadiusThreshold:0.01]]
[2024.08.11-06.01.38:154][  0]LogConfig: Setting CVar [[r.Shadow.DistanceScale:1.0]]
[2024.08.11-06.01.38:154][  0]LogConfig: Setting CVar [[r.Shadow.CSM.TransitionScale:1.0]]
[2024.08.11-06.01.38:154][  0]LogConfig: Setting CVar [[r.Shadow.PreShadowResolutionFactor:1.0]]
[2024.08.11-06.01.38:154][  0]LogConfig: Setting CVar [[r.DistanceFieldShadowing:1]]
[2024.08.11-06.01.38:154][  0]LogConfig: Setting CVar [[r.DistanceFieldAO:1]]
[2024.08.11-06.01.38:154][  0]LogConfig: Setting CVar [[r.AOQuality:2]]
[2024.08.11-06.01.38:154][  0]LogConfig: Setting CVar [[r.VolumetricFog:1]]
[2024.08.11-06.01.38:154][  0]LogConfig: Setting CVar [[r.VolumetricFog.GridPixelSize:8]]
[2024.08.11-06.01.38:154][  0]LogConfig: Setting CVar [[r.VolumetricFog.GridSizeZ:128]]
[2024.08.11-06.01.38:154][  0]LogConfig: Setting CVar [[r.VolumetricFog.HistoryMissSupersampleCount:4]]
[2024.08.11-06.01.38:154][  0]LogConfig: Setting CVar [[r.LightMaxDrawDistanceScale:1]]
[2024.08.11-06.01.38:154][  0]LogConfig: Setting CVar [[r.CapsuleShadows:1]]
[2024.08.11-06.01.38:154][  0]LogConfig: Applying CVar settings from Section [PostProcessQuality@3] File [C:/Github/UELess8/Saved/Config/Windows/Scalability.ini]
[2024.08.11-06.01.38:154][  0]LogConfig: Setting CVar [[r.MotionBlurQuality:4]]
[2024.08.11-06.01.38:154][  0]LogConfig: Setting CVar [[r.AmbientOcclusionMipLevelFactor:0.4]]
[2024.08.11-06.01.38:154][  0]LogConfig: Setting CVar [[r.AmbientOcclusionMaxQuality:100]]
[2024.08.11-06.01.38:154][  0]LogConfig: Setting CVar [[r.AmbientOcclusionLevels:-1]]
[2024.08.11-06.01.38:154][  0]LogConfig: Setting CVar [[r.AmbientOcclusionRadiusScale:1.0]]
[2024.08.11-06.01.38:154][  0]LogConfig: Setting CVar [[r.DepthOfFieldQuality:2]]
[2024.08.11-06.01.38:154][  0]LogConfig: Setting CVar [[r.RenderTargetPoolMin:400]]
[2024.08.11-06.01.38:154][  0]LogConfig: Setting CVar [[r.LensFlareQuality:2]]
[2024.08.11-06.01.38:154][  0]LogConfig: Setting CVar [[r.SceneColorFringeQuality:1]]
[2024.08.11-06.01.38:154][  0]LogConfig: Setting CVar [[r.EyeAdaptationQuality:2]]
[2024.08.11-06.01.38:154][  0]LogConfig: Setting CVar [[r.BloomQuality:5]]
[2024.08.11-06.01.38:154][  0]LogConfig: Setting CVar [[r.FastBlurThreshold:100]]
[2024.08.11-06.01.38:154][  0]LogConfig: Setting CVar [[r.Upscale.Quality:3]]
[2024.08.11-06.01.38:154][  0]LogConfig: Setting CVar [[r.Tonemapper.GrainQuantization:1]]
[2024.08.11-06.01.38:154][  0]LogConfig: Setting CVar [[r.LightShaftQuality:1]]
[2024.08.11-06.01.38:154][  0]LogConfig: Setting CVar [[r.Filter.SizeScale:1]]
[2024.08.11-06.01.38:154][  0]LogConfig: Setting CVar [[r.Tonemapper.Quality:5]]
[2024.08.11-06.01.38:154][  0]LogConfig: Setting CVar [[r.DOF.Gather.AccumulatorQuality:1        ; higher gathering accumulator quality]]
[2024.08.11-06.01.38:154][  0]LogConfig: Setting CVar [[r.DOF.Gather.PostfilterMethod:1          ; Median3x3 postfilering method]]
[2024.08.11-06.01.38:154][  0]LogConfig: Setting CVar [[r.DOF.Gather.EnableBokehSettings:0       ; no bokeh simulation when gathering]]
[2024.08.11-06.01.38:154][  0]LogConfig: Setting CVar [[r.DOF.Gather.RingCount:4                 ; medium number of samples when gathering]]
[2024.08.11-06.01.38:154][  0]LogConfig: Setting CVar [[r.DOF.Scatter.ForegroundCompositing:1    ; additive foreground scattering]]
[2024.08.11-06.01.38:154][  0]LogConfig: Setting CVar [[r.DOF.Scatter.BackgroundCompositing:2    ; additive background scattering]]
[2024.08.11-06.01.38:154][  0]LogConfig: Setting CVar [[r.DOF.Scatter.EnableBokehSettings:1      ; bokeh simulation when scattering]]
[2024.08.11-06.01.38:154][  0]LogConfig: Setting CVar [[r.DOF.Scatter.MaxSpriteRatio:0.1         ; only a maximum of 10% of scattered bokeh]]
[2024.08.11-06.01.38:154][  0]LogConfig: Setting CVar [[r.DOF.Recombine.Quality:1                ; cheap slight out of focus]]
[2024.08.11-06.01.38:154][  0]LogConfig: Setting CVar [[r.DOF.Recombine.EnableBokehSettings:0    ; no bokeh simulation on slight out of focus]]
[2024.08.11-06.01.38:154][  0]LogConfig: Setting CVar [[r.DOF.TemporalAAQuality:1                ; more stable temporal accumulation]]
[2024.08.11-06.01.38:154][  0]LogConfig: Setting CVar [[r.DOF.Kernel.MaxForegroundRadius:0.025]]
[2024.08.11-06.01.38:154][  0]LogConfig: Setting CVar [[r.DOF.Kernel.MaxBackgroundRadius:0.025]]
[2024.08.11-06.01.38:154][  0]LogConfig: Applying CVar settings from Section [TextureQuality@3] File [C:/Github/UELess8/Saved/Config/Windows/Scalability.ini]
[2024.08.11-06.01.38:154][  0]LogConfig: Setting CVar [[r.Streaming.MipBias:0]]
[2024.08.11-06.01.38:154][  0]LogConfig: Setting CVar [[r.Streaming.AmortizeCPUToGPUCopy:0]]
[2024.08.11-06.01.38:154][  0]LogConfig: Setting CVar [[r.Streaming.MaxNumTexturesToStreamPerFrame:0]]
[2024.08.11-06.01.38:154][  0]LogConfig: Setting CVar [[r.Streaming.Boost:1]]
[2024.08.11-06.01.38:154][  0]LogConfig: Setting CVar [[r.MaxAnisotropy:8]]
[2024.08.11-06.01.38:154][  0]LogConfig: Setting CVar [[r.VT.MaxAnisotropy:8]]
[2024.08.11-06.01.38:154][  0]LogConfig: Setting CVar [[r.Streaming.LimitPoolSizeToVRAM:0]]
[2024.08.11-06.01.38:154][  0]LogConfig: Setting CVar [[r.Streaming.PoolSize:1000]]
[2024.08.11-06.01.38:154][  0]LogConfig: Setting CVar [[r.Streaming.MaxEffectiveScreenSize:0]]
[2024.08.11-06.01.38:154][  0]LogConfig: Applying CVar settings from Section [EffectsQuality@3] File [C:/Github/UELess8/Saved/Config/Windows/Scalability.ini]
[2024.08.11-06.01.38:155][  0]LogConfig: Setting CVar [[r.TranslucencyLightingVolumeDim:64]]
[2024.08.11-06.01.38:155][  0]LogConfig: Setting CVar [[r.RefractionQuality:2]]
[2024.08.11-06.01.38:155][  0]LogConfig: Setting CVar [[r.SSR.Quality:3]]
[2024.08.11-06.01.38:155][  0]LogConfig: Setting CVar [[r.SSR.HalfResSceneColor:0]]
[2024.08.11-06.01.38:155][  0]LogConfig: Setting CVar [[r.SceneColorFormat:4]]
[2024.08.11-06.01.38:155][  0]LogConfig: Setting CVar [[r.DetailMode:2]]
[2024.08.11-06.01.38:155][  0]LogConfig: Setting CVar [[r.TranslucencyVolumeBlur:1]]
[2024.08.11-06.01.38:155][  0]LogConfig: Setting CVar [[r.MaterialQualityLevel:1 ; High quality]]
[2024.08.11-06.01.38:155][  0]LogConfig: Setting CVar [[r.AnisotropicMaterials:1]]
[2024.08.11-06.01.38:155][  0]LogConfig: Setting CVar [[r.SSS.Scale:1]]
[2024.08.11-06.01.38:155][  0]LogConfig: Setting CVar [[r.SSS.SampleSet:2]]
[2024.08.11-06.01.38:155][  0]LogConfig: Setting CVar [[r.SSS.Quality:1]]
[2024.08.11-06.01.38:155][  0]LogConfig: Setting CVar [[r.SSS.HalfRes:0]]
[2024.08.11-06.01.38:155][  0]LogConfig: Setting CVar [[r.SSGI.Quality:3]]
[2024.08.11-06.01.38:155][  0]LogConfig: Setting CVar [[r.EmitterSpawnRateScale:1.0]]
[2024.08.11-06.01.38:155][  0]LogConfig: Setting CVar [[r.ParticleLightQuality:2]]
[2024.08.11-06.01.38:155][  0]LogConfig: Setting CVar [[r.SkyAtmosphere.AerialPerspectiveLUT.FastApplyOnOpaque:1 ; Always have FastSkyLUT 1 in this case to avoid wrong sky]]
[2024.08.11-06.01.38:155][  0]LogConfig: Setting CVar [[r.SkyAtmosphere.AerialPerspectiveLUT.SampleCountMaxPerSlice:4]]
[2024.08.11-06.01.38:155][  0]LogConfig: Setting CVar [[r.SkyAtmosphere.AerialPerspectiveLUT.DepthResolution:16.0]]
[2024.08.11-06.01.38:155][  0]LogConfig: Setting CVar [[r.SkyAtmosphere.FastSkyLUT:1]]
[2024.08.11-06.01.38:155][  0]LogConfig: Setting CVar [[r.SkyAtmosphere.FastSkyLUT.SampleCountMin:4.0]]
[2024.08.11-06.01.38:155][  0]LogConfig: Setting CVar [[r.SkyAtmosphere.FastSkyLUT.SampleCountMax:128.0]]
[2024.08.11-06.01.38:155][  0]LogConfig: Setting CVar [[r.SkyAtmosphere.SampleCountMin:4.0]]
[2024.08.11-06.01.38:155][  0]LogConfig: Setting CVar [[r.SkyAtmosphere.SampleCountMax:128.0]]
[2024.08.11-06.01.38:155][  0]LogConfig: Setting CVar [[r.SkyAtmosphere.TransmittanceLUT.UseSmallFormat:0]]
[2024.08.11-06.01.38:155][  0]LogConfig: Setting CVar [[r.SkyAtmosphere.TransmittanceLUT.SampleCount:10.0]]
[2024.08.11-06.01.38:155][  0]LogConfig: Setting CVar [[r.SkyAtmosphere.MultiScatteringLUT.SampleCount:15.0]]
[2024.08.11-06.01.38:155][  0]LogConfig: Setting CVar [[r.SkyLight.RealTimeReflectionCapture:1]]
[2024.08.11-06.01.38:155][  0]LogConfig: Applying CVar settings from Section [FoliageQuality@3] File [C:/Github/UELess8/Saved/Config/Windows/Scalability.ini]
[2024.08.11-06.01.38:155][  0]LogConfig: Setting CVar [[foliage.DensityScale:1.0]]
[2024.08.11-06.01.38:155][  0]LogConfig: Setting CVar [[grass.DensityScale:1.0]]
[2024.08.11-06.01.38:155][  0]LogConfig: Applying CVar settings from Section [ShadingQuality@3] File [C:/Github/UELess8/Saved/Config/Windows/Scalability.ini]
[2024.08.11-06.01.38:155][  0]LogConfig: Setting CVar [[r.HairStrands.SkyLighting.IntegrationType:2]]
[2024.08.11-06.01.38:155][  0]LogConfig: Setting CVar [[r.HairStrands.SkyAO.SampleCount:4]]
[2024.08.11-06.01.38:155][  0]LogConfig: Setting CVar [[r.HairStrands.Visibility.MSAA.SamplePerPixel:4]]
[2024.08.11-06.01.38:155][  0]LogConfig: Applying CVar settings from Section [Startup] File [../../../Engine/Config/ConsoleVariables.ini]
[2024.08.11-06.01.38:155][  0]LogConfig: Setting CVar [[net.UseAdaptiveNetUpdateFrequency:0]]
[2024.08.11-06.01.38:155][  0]LogConfig: Setting CVar [[p.chaos.AllowCreatePhysxBodies:1]]
[2024.08.11-06.01.38:155][  0]LogConfig: Setting CVar [[fx.SkipVectorVMBackendOptimizations:1]]
[2024.08.11-06.01.38:155][  0]LogConfig: Applying CVar settings from Section [ConsoleVariables] File [C:/Github/UELess8/Saved/Config/Windows/Engine.ini]
[2024.08.11-06.01.38:155][  0]LogConfig: Applying CVar settings from Section [ConsoleVariables] File [C:/Github/UELess8/Saved/Config/Windows/Editor.ini]
[2024.08.11-06.01.38:155][  0]LogInit: Computer: DESKTOP-P1ASVLE
[2024.08.11-06.01.38:155][  0]LogInit: User: pelme
[2024.08.11-06.01.38:156][  0]LogInit: CPU Page size=4096, Cores=12
[2024.08.11-06.01.38:156][  0]LogInit: High frequency timer resolution =10.000000 MHz
[2024.08.11-06.01.38:156][  0]LogMemory: Memory total: Physical=15.9GB (16GB approx)
[2024.08.11-06.01.38:156][  0]LogMemory: Platform Memory Stats for Windows
[2024.08.11-06.01.38:156][  0]LogMemory: Process Physical Memory: 149.65 MB used, 149.66 MB peak
[2024.08.11-06.01.38:156][  0]LogMemory: Process Virtual Memory: 123.84 MB used, 123.84 MB peak
[2024.08.11-06.01.38:156][  0]LogMemory: Physical Memory: 8498.89 MB used,  7790.23 MB free, 16289.12 MB total
[2024.08.11-06.01.38:156][  0]LogMemory: Virtual Memory: 134196088.00 MB used,  21636.00 MB free, 134217728.00 MB total
[2024.08.11-06.01.38:163][  0]LogWindows: WindowsPlatformFeatures enabled
[2024.08.11-06.01.38:226][  0]LogInit: Physics initialised using underlying interface: PhysX
[2024.08.11-06.01.38:227][  0]LogInit: Using OS detected language (ru-RU).
[2024.08.11-06.01.38:227][  0]LogInit: Using OS detected locale (ru-RU).
[2024.08.11-06.01.38:235][  0]LogTextLocalizationManager: No specific localization for 'ru-RU' exists, so the 'ru' localization will be used.
[2024.08.11-06.01.38:235][  0]LogTextLocalizationResource: LocRes '../../../Engine/Content/Localization/Editor/ru/Editor.locres' could not be opened for reading!
[2024.08.11-06.01.38:235][  0]LogTextLocalizationResource: LocRes '../../../Engine/Content/Localization/EditorTutorials/ru/EditorTutorials.locres' could not be opened for reading!
[2024.08.11-06.01.38:235][  0]LogTextLocalizationResource: LocRes '../../../Engine/Content/Localization/Keywords/ru/Keywords.locres' could not be opened for reading!
[2024.08.11-06.01.38:236][  0]LogTextLocalizationResource: LocRes '../../../Engine/Content/Localization/Category/ru/Category.locres' could not be opened for reading!
[2024.08.11-06.01.38:236][  0]LogTextLocalizationResource: LocRes '../../../Engine/Content/Localization/ToolTips/ru/ToolTips.locres' could not be opened for reading!
[2024.08.11-06.01.38:236][  0]LogTextLocalizationResource: LocRes '../../../Engine/Content/Localization/PropertyNames/ru/PropertyNames.locres' could not be opened for reading!
[2024.08.11-06.01.38:236][  0]LogTextLocalizationResource: LocRes '../../../Engine/Content/Localization/Engine/ru/Engine.locres' could not be opened for reading!
[2024.08.11-06.01.38:237][  0]LogInit: Setting process to per monitor DPI aware
[2024.08.11-06.01.38:265][  0]LogWindowsTextInputMethodSystem: Display: IME system deactivated.
[2024.08.11-06.01.38:287][  0]LogSlate: New Slate User Created.  User Index 0, Is Virtual User: 0
[2024.08.11-06.01.38:287][  0]LogSlate: Slate User Registered.  User Index 0, Is Virtual User: 0
[2024.08.11-06.01.38:481][  0]LogD3D11RHI: Loaded GFSDK_Aftermath_Lib.x64.dll
[2024.08.11-06.01.38:485][  0]LogHMD: Failed to initialize OpenVR with code 110
[2024.08.11-06.01.38:485][  0]LogD3D11RHI: D3D11 min allowed feature level: 11_0
[2024.08.11-06.01.38:485][  0]LogD3D11RHI: D3D11 max allowed feature level: 11_0
[2024.08.11-06.01.38:485][  0]LogD3D11RHI: D3D11 adapters:
[2024.08.11-06.01.38:694][  0]LogD3D11RHI:    0. 'NVIDIA GeForce RTX 3060' (Feature Level 11_0)
[2024.08.11-06.01.38:694][  0]LogD3D11RHI:       12115/0/8144 MB DedicatedVideo/DedicatedSystem/SharedSystem, Outputs:2, VendorId:0x10de
[2024.08.11-06.01.38:697][  0]LogD3D11RHI:    1. 'Microsoft Basic Render Driver' (Feature Level 11_0)
[2024.08.11-06.01.38:697][  0]LogD3D11RHI:       0/0/8144 MB DedicatedVideo/DedicatedSystem/SharedSystem, Outputs:0, VendorId:0x1414
[2024.08.11-06.01.38:697][  0]LogD3D11RHI: Chosen D3D11 Adapter:
[2024.08.11-06.01.38:697][  0]LogD3D11RHI:     Description : NVIDIA GeForce RTX 3060
[2024.08.11-06.01.38:697][  0]LogD3D11RHI:     VendorId    : 10de
[2024.08.11-06.01.38:697][  0]LogD3D11RHI:     DeviceId    : 2504
[2024.08.11-06.01.38:697][  0]LogD3D11RHI:     SubSysId    : 153610de
[2024.08.11-06.01.38:697][  0]LogD3D11RHI:     Revision    : 00a1
[2024.08.11-06.01.38:697][  0]LogD3D11RHI:     DedicatedVideoMemory : 12703498240 bytes
[2024.08.11-06.01.38:697][  0]LogD3D11RHI:     DedicatedSystemMemory : 0 bytes
[2024.08.11-06.01.38:697][  0]LogD3D11RHI:     SharedSystemMemory : 8540190720 bytes
[2024.08.11-06.01.38:697][  0]LogD3D11RHI:     AdapterLuid : 0 68680
[2024.08.11-06.01.38:704][  0]LogD3D11RHI: Creating new Direct3DDevice
[2024.08.11-06.01.38:704][  0]LogD3D11RHI:     GPU DeviceId: 0x2504 (for the marketing name, search the web for "GPU Device Id")
[2024.08.11-06.01.38:704][  0]LogWindows: EnumDisplayDevices:
[2024.08.11-06.01.38:704][  0]LogWindows:    0. 'NVIDIA GeForce RTX 3060' (P:1 D:1)
[2024.08.11-06.01.38:704][  0]LogWindows:    1. 'NVIDIA GeForce RTX 3060' (P:0 D:1)
[2024.08.11-06.01.38:705][  0]LogWindows:    2. 'NVIDIA GeForce RTX 3060' (P:0 D:0)
[2024.08.11-06.01.38:705][  0]LogWindows:    3. 'NVIDIA GeForce RTX 3060' (P:0 D:0)
[2024.08.11-06.01.38:705][  0]LogWindows: DebugString: FoundDriverCount:4 
[2024.08.11-06.01.38:705][  0]LogD3D11RHI:     Adapter Name: NVIDIA GeForce RTX 3060
[2024.08.11-06.01.38:705][  0]LogD3D11RHI:   Driver Version: 560.70 (internal:32.0.15.6070, unified:560.70)
[2024.08.11-06.01.38:705][  0]LogD3D11RHI:      Driver Date: 7-10-2024
[2024.08.11-06.01.38:705][  0]LogRHI: Texture pool is 8480 MB (70% of 12115 MB)
[2024.08.11-06.01.38:705][  0]LogD3D11RHI: Creating D3DDevice using adapter:
[2024.08.11-06.01.38:705][  0]LogD3D11RHI:     Description : NVIDIA GeForce RTX 3060
[2024.08.11-06.01.38:705][  0]LogD3D11RHI:     VendorId    : 10de
[2024.08.11-06.01.38:705][  0]LogD3D11RHI:     DeviceId    : 2504
[2024.08.11-06.01.38:705][  0]LogD3D11RHI:     SubSysId    : 153610de
[2024.08.11-06.01.38:705][  0]LogD3D11RHI:     Revision    : 00a1
[2024.08.11-06.01.38:705][  0]LogD3D11RHI:     DedicatedVideoMemory : 12703498240 bytes
[2024.08.11-06.01.38:705][  0]LogD3D11RHI:     DedicatedSystemMemory : 0 bytes
[2024.08.11-06.01.38:705][  0]LogD3D11RHI:     SharedSystemMemory : 8540190720 bytes
[2024.08.11-06.01.38:705][  0]LogD3D11RHI:     AdapterLuid : 0 68680
[2024.08.11-06.01.38:853][  0]LogD3D11RHI: RHI has support for 64 bit atomics
[2024.08.11-06.01.38:854][  0]LogD3D11RHI: Async texture creation enabled
[2024.08.11-06.01.38:854][  0]LogD3D11RHI: Array index from any shader is supported
[2024.08.11-06.01.38:879][  0]LogD3D11RHI: GPU Timing Frequency: 1000.000000 (Debug: 2 1)
[2024.08.11-06.01.38:938][  0]LogRHI: GeForceNow SDK initialized: 1
[2024.08.11-06.01.39:397][  0]LogTargetPlatformManager: Display: Loaded TargetPlatform 'AllDesktop'
[2024.08.11-06.01.39:425][  0]LogTargetPlatformManager: Display: Loaded TargetPlatform 'Android'
[2024.08.11-06.01.39:425][  0]LogTargetPlatformManager: Display: Loaded TargetPlatform 'Android_ASTC'
[2024.08.11-06.01.39:425][  0]LogTargetPlatformManager: Display: Loaded TargetPlatform 'Android_DXT'
[2024.08.11-06.01.39:425][  0]LogTargetPlatformManager: Display: Loaded TargetPlatform 'Android_ETC2'
[2024.08.11-06.01.39:425][  0]LogTargetPlatformManager: Display: Loaded TargetPlatform 'AndroidClient'
[2024.08.11-06.01.39:425][  0]LogTargetPlatformManager: Display: Loaded TargetPlatform 'Android_ASTCClient'
[2024.08.11-06.01.39:425][  0]LogTargetPlatformManager: Display: Loaded TargetPlatform 'Android_DXTClient'
[2024.08.11-06.01.39:425][  0]LogTargetPlatformManager: Display: Loaded TargetPlatform 'Android_ETC2Client'
[2024.08.11-06.01.39:425][  0]LogTargetPlatformManager: Display: Loaded TargetPlatform 'Android_Multi'
[2024.08.11-06.01.39:425][  0]LogTargetPlatformManager: Display: Loaded TargetPlatform 'Android_MultiClient'
[2024.08.11-06.01.39:449][  0]LogTargetPlatformManager: Display: Loaded TargetPlatform 'IOSClient'
[2024.08.11-06.01.39:449][  0]LogTargetPlatformManager: Display: Loaded TargetPlatform 'IOS'
[2024.08.11-06.01.39:462][  0]LogTargetPlatformManager: Display: Loaded TargetPlatform 'Linux'
[2024.08.11-06.01.39:467][  0]LogTargetPlatformManager: Display: Loaded TargetPlatform 'LinuxNoEditor'
[2024.08.11-06.01.39:473][  0]LogTargetPlatformManager: Display: Loaded TargetPlatform 'LinuxClient'
[2024.08.11-06.01.39:479][  0]LogTargetPlatformManager: Display: Loaded TargetPlatform 'LinuxServer'
[2024.08.11-06.01.39:491][  0]LogTargetPlatformManager: Display: Loaded TargetPlatform 'LinuxAArch64NoEditor'
[2024.08.11-06.01.39:496][  0]LogTargetPlatformManager: Display: Loaded TargetPlatform 'LinuxAArch64Client'
[2024.08.11-06.01.39:502][  0]LogTargetPlatformManager: Display: Loaded TargetPlatform 'LinuxAArch64Server'
[2024.08.11-06.01.39:533][  0]LogTargetPlatformManager: Display: Loaded TargetPlatform 'Lumin'
[2024.08.11-06.01.39:533][  0]LogTargetPlatformManager: Display: Loaded TargetPlatform 'LuminClient'
[2024.08.11-06.01.39:546][  0]LogTargetPlatformManager: Display: Loaded TargetPlatform 'MacNoEditor'
[2024.08.11-06.01.39:552][  0]LogTargetPlatformManager: Display: Loaded TargetPlatform 'Mac'
[2024.08.11-06.01.39:557][  0]LogTargetPlatformManager: Display: Loaded TargetPlatform 'MacClient'
[2024.08.11-06.01.39:563][  0]LogTargetPlatformManager: Display: Loaded TargetPlatform 'MacServer'
[2024.08.11-06.01.39:575][  0]LogTargetPlatformManager: Display: Loaded TargetPlatform 'TVOSClient'
[2024.08.11-06.01.39:575][  0]LogTargetPlatformManager: Display: Loaded TargetPlatform 'TVOS'
[2024.08.11-06.01.39:587][  0]LogTargetPlatformManager: Display: Loaded TargetPlatform 'WindowsNoEditor'
[2024.08.11-06.01.39:593][  0]LogTargetPlatformManager: Display: Loaded TargetPlatform 'Windows'
[2024.08.11-06.01.39:600][  0]LogTargetPlatformManager: Display: Loaded TargetPlatform 'WindowsClient'
[2024.08.11-06.01.39:606][  0]LogTargetPlatformManager: Display: Loaded TargetPlatform 'WindowsServer'
[2024.08.11-06.01.39:606][  0]LogTargetPlatformManager: Display: Building Assets For Windows
[2024.08.11-06.01.39:616][  0]LogAudioDebug: Display: Lib vorbis DLL was dynamically loaded.
[2024.08.11-06.01.39:659][  0]LogTextureFormatOodle: Display: Oodle Texture 2.9.0 init RDO Off
[2024.08.11-06.01.39:701][  0]LogRendererCore: Ray tracing is disabled. Reason: r.RayTracing=0.
[2024.08.11-06.01.39:701][  0]LogShaderCompilers: Guid format shader working directory is 14 characters bigger than the processId version (../../../../../../Github/UELess8/Intermediate/Shaders/WorkingDirectory/8108/).
[2024.08.11-06.01.39:701][  0]LogShaderCompilers: Cleaned the shader compiler working directory 'C:/Users/pelme/AppData/Local/Temp/UnrealShaderWorkingDir/10BC7C2740C5CC3E3FC3689244CCF234/'.
[2024.08.11-06.01.39:701][  0]LogXGEController: Cannot use XGE Controller as Incredibuild is not installed on this machine.
[2024.08.11-06.01.39:702][  0]LogShaderCompilers: Cannot use XGE Shader Compiler as Incredibuild is not installed on this machine.
[2024.08.11-06.01.39:702][  0]LogShaderCompilers: Display: Using Local Shader Compiler.
[2024.08.11-06.01.40:668][  0]LogDerivedDataCache: Display: Max Cache Size: 512 MB
[2024.08.11-06.01.40:744][  0]LogDerivedDataCache: Loaded boot cache 0.08s 94MB C:/Users/pelme/AppData/Local/UnrealEngine/4.27/DerivedDataCache/Boot.ddc.
[2024.08.11-06.01.40:745][  0]LogDerivedDataCache: Display: Loaded Boot cache: C:/Users/pelme/AppData/Local/UnrealEngine/4.27/DerivedDataCache/Boot.ddc
[2024.08.11-06.01.40:745][  0]LogDerivedDataCache: FDerivedDataBackendGraph:  Pak pak cache file ../../../../../../Github/UELess8/DerivedDataCache/DDC.ddp not found, will not use a pak cache.
[2024.08.11-06.01.40:745][  0]LogDerivedDataCache: Unable to find inner node Pak for hierarchical cache Hierarchy.
[2024.08.11-06.01.40:745][  0]LogDerivedDataCache: FDerivedDataBackendGraph:  CompressedPak pak cache file ../../../../../../Github/UELess8/DerivedDataCache/Compressed.ddp not found, will not use a pak cache.
[2024.08.11-06.01.40:745][  0]LogDerivedDataCache: Unable to find inner node CompressedPak for hierarchical cache Hierarchy.
[2024.08.11-06.01.40:765][  0]LogDerivedDataCache: Display: Pak cache opened for reading ../../../Engine/DerivedDataCache/Compressed.ddp.
[2024.08.11-06.01.40:765][  0]LogDerivedDataCache: FDerivedDataBackendGraph:  EnterprisePak pak cache file ../../../Enterprise/DerivedDataCache/Compressed.ddp not found, will not use a pak cache.
[2024.08.11-06.01.40:765][  0]LogDerivedDataCache: Unable to find inner node EnterprisePak for hierarchical cache Hierarchy.
[2024.08.11-06.01.40:772][  0]LogDerivedDataCache: Speed tests for C:/Users/pelme/AppData/Local/UnrealEngine/Common/DerivedDataCache took 0.01 seconds
[2024.08.11-06.01.40:772][  0]LogDerivedDataCache: Display: Performance to C:/Users/pelme/AppData/Local/UnrealEngine/Common/DerivedDataCache: Latency=0.04ms. RandomReadSpeed=796.85MBs, RandomWriteSpeed=169.84MBs. Assigned SpeedClass 'Local'
[2024.08.11-06.01.40:774][  0]LogDerivedDataCache: Using Local data cache path C:/Users/pelme/AppData/Local/UnrealEngine/Common/DerivedDataCache: Writable
[2024.08.11-06.01.40:774][  0]LogDerivedDataCache: Shared data cache path not found in *engine.ini, will not use an Shared cache.
[2024.08.11-06.01.40:774][  0]LogDerivedDataCache: Unable to find inner node Shared for hierarchical cache Hierarchy.
[2024.08.11-06.01.40:832][  0]LogSlate: Using FreeType 2.10.0
[2024.08.11-06.01.40:833][  0]LogSlate: SlateFontServices - WITH_FREETYPE: 1, WITH_HARFBUZZ: 1
[2024.08.11-06.01.40:872][  0]LogAssetRegistry: FAssetRegistry took 0.0041 seconds to start up
[2024.08.11-06.01.41:247][  0]LogInit: Selected Device Profile: [Windows]
[2024.08.11-06.01.41:248][  0]LogInit: Active device profile: [0000027BD773FE00][0000027BCF020F80 49] Windows
[2024.08.11-06.01.41:248][  0]LogInit: Profiles: [0000027BD773FE00][0000027BCF020F80 49] Windows, [0000027BD76F0300][0000027BC7AC9100 49] WindowsNoEditor, [0000027BD773C300][0000027BD5439280 49] WindowsServer, [0000027BD76F3900][0000027BD543D400 49] WindowsClient, [0000027BD773F800][0000027BCEC33580 49] IOS, [0000027BD76F0900][0000027BCEC37700 49] iPadAir, [0000027BD773C800][0000027BCEC3B880 49] iPadAir2, [0000027BD7680A00][0000027BCEC43B40 49] IPadPro, [0000027BD7680B00][0000027BCEC3FB80 49] iPadAir3, [0000027BD773F500][0000027BCEC46180 49] iPadAir4, [0000027BD7680800][0000027BCEC4A300 49] iPadMini2, [0000027BD773CA00][0000027BC5DBC440 49] iPadMini3, [0000027BD7681600][0000027BCEC4E580 49] iPadMini4, [0000027BD773ED00][0000027BCEC526C0 49] iPadMini5, [0000027BD76F2D00][0000027BCEC5E980 49] iPhone6, [0000027BD76F2C00][0000027BCEC5A9C0 49] iPodTouch6, [0000027BD7681500][0000027BD16D8C80 49] iPhone7, [0000027BD7681400][0000027BD16D4CC0 49] iPodTouch7, [0000027BD76F3C00][0000027BD16DCE40 49] iPhone5S, [0000027BD7682D00][0000027BD16E0FC0 49] iPhone6Plus, [0000027BD76F2400][0000027BD16E5140 49] iPhone6S, [0000027BD7681700][0000027BD16E92C0 49] iPhone6SPlus, [0000027BD76F0F00][0000027BD16ED440 49] iPhone7Plus, [0000027BD7681A00][0000027BD16F15C0 49] iPhoneSE, [0000027BD76F2100][0000027BD16F5740 49] iPhone8, [0000027BD7682800][0000027BD16F98C0 49] iPhone8Plus, [0000027BD76F1200][0000027BD16FDA40 49] iPhoneX, [0000027BD7681D00][0000027BD1701BC0 49] iPhoneXS, [0000027BD76F2E00][0000027BD17041C0 49] iPhoneXSMax, [0000027BD7683700][0000027BD1708340 49] iPhoneXR, [0000027BD76F1B00][0000027BD170C4C0 49] iPhone11, [0000027BD7682300][0000027BCEC56600 49] iPhone11Pro, [0000027BD76F2300][0000027BD1710740 49] iPhone11ProMax, [0000027BD7683600][0000027BD1714880 49] iPhoneSE2, [0000027BD76F3400][0000027BD17189C0 49] iPhone12Mini, [0000027BD7681000][0000027BD66FCB40 49] iPhone12, [0000027BD76F2600][0000027BD6700CC0 49] iPhone12Pro, [0000027BD7682A00][0000027BD6704E40 49] iPhone12ProMax, [0000027BD76F1000][0000027BD6708FC0 49] iPadPro105, [0000027BD7683C00][0000027BD670D140 49] iPadPro129, [0000027BD76F1800][0000027BD67112C0 49] iPadPro97, [0000027BD7682C00][0000027BD6715440 49] iPadPro2_129, [0000027BD76F2200][0000027BD676D5C0 49] iPad5, [0000027BD7682900][0000027BD6771740 49] iPad6, [0000027BD76F0C00][0000027BD67758C0 49] iPad7, [0000027BD7680700][0000027BD6779A40 49] iPad8, [0000027BD76F3B00][0000027BD677DBC0 49] iPadPro11, [0000027BD7683F00][0000027BD67801C0 49] iPadPro2_11, [0000027BD76F2A00][0000027BD6784340 49] iPadPro3_129, [0000027BD7682600][0000027BD67884C0 49] iPadPro4_129, [0000027BD76F2F00][0000027BD678C640 49] AppleTV, [0000027BD7681900][0000027BD171C780 49] AppleTV4K, [0000027BD76F3300][0000027BD67908C0 49] TVOS, [0000027BD7682E00][0000027BD6794A00 49] Mac, [0000027BD76F0800][0000027BD6798B40 49] MacClient, [0000027BD7683400][0000027BD67A0CC0 49] MacNoEditor, [0000027BD76F0D00][0000027BD67E6E40 49] MacServer, [0000027BD7681E00][0000027BD67EAFC0 49] Linux, [0000027BD76F2900][0000027BD67EF140 49] LinuxAArch64, [0000027BD7681F00][0000027BD67F32C0 49] LinuxNoEditor, [0000027BD76F2500][0000027BD67F7440 49] LinuxAArch64NoEditor, [0000027BD7680200][0000027BD67FB5C0 49] LinuxClient, [0000027BD76F3E00][0000027BD67FF740 49] LinuxAArch64Client, [0000027BD7683500][0000027BD68038C0 49] LinuxServer, [0000027BD76F0600][0000027BD6807A40 49] LinuxAArch64Server, [0000027BD7681100][0000027BD680BBC0 49] Android, [0000027BD76F0500][0000027BD680E1C0 49] Android_Low, [0000027BD773D300][0000027BD6816340 49] Android_Mid, [0000027BD7802300][0000027BD681A4C0 49] Android_High, [0000027BD773CC00][0000027BD681E640 49] Android_Default, [0000027BD7801F00][0000027BD68227C0 49] Android_Adreno4xx, [0000027BD773F000][0000027BD6826940 49] Android_Adreno5xx_Low, [0000027BD7802800][0000027BD679CA80 49] Android_Adreno5xx, [0000027BD773CB00][0000027BD682ABC0 49] Android_Adreno6xx, [0000027BD7801200][0000027BD682ED00 49] Android_Adreno6xx_Vulkan, [0000027BD773E100][0000027BD6836E80 49] Android_Mali_T6xx, [0000027BD7800F00][0000027BD683B000 49] Android_Mali_T7xx, [0000027BD773D700][0000027BD683F180 49] Android_Mali_T8xx, [0000027BD7801A00][0000027BD6843300 49] Android_Mali_G71, [0000027BD773EE00][0000027BD6847480 49] Android_Mali_G72, [0000027BD7800600][0000027BD684B600 49] Android_Mali_G72_Vulkan, [0000027BD773F400][0000027BD7861780 49] Android_Mali_G76, [0000027BD7800500][0000027BD7865900 49] Android_Mali_G76_Vulkan, [0000027BD773C500][0000027BD789DA80 49] Android_Mali_G77, [0000027BD7800D00][0000027BD78A1C00 49] Android_Mali_G77_Vulkan, [0000027BD773CE00][0000027BD78A4200 49] Android_Mali_G78, [0000027BD7802400][0000027BD78A8380 49] Android_Mali_G78_Vulkan, [0000027BD76F1400][0000027BD7914500 49] Android_Mali_G710, [0000027BD7801700][0000027BD7918680 49] Android_Mali_G710_Vulkan, [0000027BD76F3600][0000027BD791C800 49] Android_Vulkan_SM5, [0000027BD7801900][0000027BD7920980 49] Android_PowerVR_G6xxx, [0000027BD76F1700][0000027BD7924B00 49] Android_PowerVR_GT7xxx, [0000027BD7802200][0000027BD6832C40 49] Android_PowerVR_GE8xxx, [0000027BD76F1D00][0000027BD7928D80 49] Android_PowerVR_GM9xxx, [0000027BD7800E00][0000027BD792CEC0 49] Android_PowerVR_GM9xxx_Vulkan, [0000027BD76F1C00][0000027BD7945040 49] Android_TegraK1, [0000027BD7800B00][0000027BD79551C0 49] Android_Unknown_Vulkan, [0000027BD76F0E00][0000027BD7959340 49] Lumin, [0000027BD7802100][0000027BD796D4C0 49] Lumin_Desktop, [0000027BD76F3A00][0000027BD7971640 49] HoloLens, 
[2024.08.11-06.01.41:484][  0]LogMeshReduction: Using QuadricMeshReduction for automatic static mesh reduction
[2024.08.11-06.01.41:484][  0]LogMeshReduction: Using SimplygonMeshReduction for automatic skeletal mesh reduction
[2024.08.11-06.01.41:484][  0]LogMeshReduction: Using ProxyLODMeshReduction for automatic mesh merging
[2024.08.11-06.01.41:484][  0]LogMeshReduction: No distributed automatic mesh merging module available
[2024.08.11-06.01.41:484][  0]LogMeshMerging: No distributed automatic mesh merging module available
[2024.08.11-06.01.41:513][  0]LogNetVersion: UELess8 1.0.0, NetCL: 17155196, EngineNetVer: 17, GameNetVer: 0 (Checksum: 3933183542)
[2024.08.11-06.01.42:036][  0]LogTexture: Default maximum texture size for cubemaps generated from long-lat sources has been changed from 512 to unlimited. In order to preserve old behaiour for '/Engine/MapTemplates/Sky/DaylightAmbientCubemap.DaylightAmbientCubemap', its maximum texture size has been explicitly set to 512.
[2024.08.11-06.01.42:117][  0]LogHMD: PokeAHoleMaterial loaded successfully
[2024.08.11-06.01.42:123][  0]LogUObjectArray: 17178 objects as part of root set at end of initial load.
[2024.08.11-06.01.42:123][  0]LogUObjectAllocator: 4302048 out of 0 bytes used by permanent object pool.
[2024.08.11-06.01.42:123][  0]LogUObjectArray: CloseDisregardForGC: 0/0 objects in disregard for GC pool
[2024.08.11-06.01.42:480][  0]LogNiagaraDebuggerClient: Niagara Debugger Client Initialized | Session: 6F8C5CD7485B1FCC312133AEC289F724 | Instance: 8DDDF14E4A660F6CF7195D93827E6CC1 (DESKTOP-P1ASVLE-8108).
[2024.08.11-06.01.42:526][  0]LogPython: Using Python 3.7.7
[2024.08.11-06.01.43:313][  0]LogTcpMessaging: Initializing TcpMessaging bridge
[2024.08.11-06.01.43:330][  0]LogUdpMessaging: Initializing bridge on interface 0.0.0.0:0 to multicast group 230.0.0.1:6666.
[2024.08.11-06.01.43:518][  0]SourceControl: Source control is disabled
[2024.08.11-06.01.43:518][  0]SourceControl: Source control is disabled
[2024.08.11-06.01.43:527][  0]SourceControl: Source control is disabled
[2024.08.11-06.01.43:546][  0]SourceControl: Source control is disabled
[2024.08.11-06.01.43:550][  0]SourceControl: Source control is disabled
[2024.08.11-06.01.43:558][  0]LogUProjectInfo: Found projects:
[2024.08.11-06.01.43:761][  0]LogOpenImageDenoise: OIDN starting up
[2024.08.11-06.01.43:835][  0]LogAudioCaptureCore: Display: No Audio Capture implementations found. Audio input will be silent.
[2024.08.11-06.01.43:835][  0]LogAudioCaptureCore: Display: No Audio Capture implementations found. Audio input will be silent.
[2024.08.11-06.01.43:882][  0]LogAndroidPermission: UAndroidPermissionCallbackProxy::GetInstance
[2024.08.11-06.01.44:077][  0]LogCollectionManager: Loaded 0 collections in 0.002063 seconds
[2024.08.11-06.01.44:114][  0]LogFileCache: Scanning file cache for directory 'C:/Github/UELess8/Saved/Collections/' took 0.00s
[2024.08.11-06.01.44:114][  0]LogFileCache: Scanning file cache for directory 'C:/Github/UELess8/Content/Developers/pelme/Collections/' took 0.00s
[2024.08.11-06.01.44:114][  0]LogFileCache: Scanning file cache for directory 'C:/Github/UELess8/Content/Collections/' took 0.00s
[2024.08.11-06.01.44:114][  0]LogOcInput: OculusInput pre-init called
[2024.08.11-06.01.44:472][  0]LogEngine: Initializing Engine...
[2024.08.11-06.01.44:553][  0]LogHMD: Failed to enumerate extensions. Please check that you have a valid OpenXR runtime installed.
[2024.08.11-06.01.44:554][  0]LogHMD: Failed to initialize OpenVR with code 110
[2024.08.11-06.01.44:554][  0]LogMagicLeap: Warning: VR disabled because ZI is not enabled.  To enable, in the editor, Edit -> Project Settings -> Plugins -> Magic Leap Plugin -> Enable Zero Iteration
[2024.08.11-06.01.44:556][  0]LogStats: UGameplayTagsManager::InitializeManager -  0.000 s
[2024.08.11-06.01.44:720][  0]LogInit: Initializing FReadOnlyCVARCache
[2024.08.11-06.01.44:735][  0]LogAIModule: Creating AISystem for world Untitled
[2024.08.11-06.01.44:747][  0]LogAudio: Display: Initializing Audio Device Manager...
[2024.08.11-06.01.44:752][  0]LogAudio: Display: Loading Default Audio Settings Objects...
[2024.08.11-06.01.44:753][  0]LogAudio: Display: No default SoundConcurrencyObject specified (or failed to load).
[2024.08.11-06.01.44:753][  0]LogAudio: Display: Audio Device Manager Initialized
[2024.08.11-06.01.44:753][  0]LogAudio: Display: Creating Audio Device:                 Id: 1, Scope: Shared, Realtime: True
[2024.08.11-06.01.44:753][  0]LogAudioMixer: Display: Audio Mixer Platform Settings:
[2024.08.11-06.01.44:753][  0]LogAudioMixer: Display: 	Sample Rate:						  48000
[2024.08.11-06.01.44:753][  0]LogAudioMixer: Display: 	Callback Buffer Frame Size Requested: 1024
[2024.08.11-06.01.44:753][  0]LogAudioMixer: Display: 	Callback Buffer Frame Size To Use:	  1024
[2024.08.11-06.01.44:753][  0]LogAudioMixer: Display: 	Number of buffers to queue:			  2
[2024.08.11-06.01.44:753][  0]LogAudioMixer: Display: 	Max Channels (voices):				  32
[2024.08.11-06.01.44:753][  0]LogAudioMixer: Display: 	Number of Async Source Workers:		  0
[2024.08.11-06.01.44:753][  0]LogAudio: Display: AudioDevice MaxSources: 32
[2024.08.11-06.01.44:754][  0]LogAudio: Display: Audio Spatialization Plugin: None (built-in).
[2024.08.11-06.01.44:754][  0]LogAudio: Display: Audio Reverb Plugin: None (built-in).
[2024.08.11-06.01.44:754][  0]LogAudio: Display: Audio Occlusion Plugin: None (built-in).
[2024.08.11-06.01.44:754][  0]LogAudioMixer: Display: Initializing audio mixer.
[2024.08.11-06.01.44:774][  0]LogAudioMixer: Display: 0: FrontLeft
[2024.08.11-06.01.44:774][  0]LogAudioMixer: Display: 1: FrontRight
[2024.08.11-06.01.44:825][  0]LogAudioMixer: Display: Using Audio Device Наушники (EDIFIER W800BT Plus Stereo)
[2024.08.11-06.01.44:837][  0]LogAudioMixer: Display: Initializing Sound Submixes...
[2024.08.11-06.01.44:840][  0]LogAudioMixer: Display: Creating Master Submix 'MasterSubmixDefault'
[2024.08.11-06.01.44:840][  0]LogAudioMixer: Display: Creating Master Submix 'MasterReverbSubmixDefault'
[2024.08.11-06.01.44:842][  0]LogAudioMixer: Display: Creating Master Submix 'MasterEQSubmixDefault'
[2024.08.11-06.01.44:842][  0]LogAudioMixer: FMixerPlatformXAudio2::StartAudioStream() called
[2024.08.11-06.01.44:842][  0]LogAudioMixer: Display: Output buffers initialized: Frames=1024, Channels=2, Samples=2048
[2024.08.11-06.01.44:844][  0]LogAudioMixer: Display: Starting AudioMixerPlatformInterface::RunInternal()
[2024.08.11-06.01.44:844][  0]LogAudioMixer: Display: FMixerPlatformXAudio2::SubmitBuffer() called for the first time
[2024.08.11-06.01.44:844][  0]LogInit: FAudioDevice initialized.
[2024.08.11-06.01.44:844][  0]LogAudio: Display: Audio Device (ID: 1) registered with world 'Untitled'.
[2024.08.11-06.01.44:845][  0]LogNetVersion: Set ProjectVersion to 1.0.0.0. Version Checksum will be recalculated on next use.
[2024.08.11-06.01.44:921][  0]LogDerivedDataCache: Saved boot cache 0.08s 94MB C:/Users/pelme/AppData/Local/UnrealEngine/4.27/DerivedDataCache/Boot.ddc.
[2024.08.11-06.01.44:922][  0]LogInit: Texture streaming: Enabled
[2024.08.11-06.01.44:937][  0]LogAnalytics: Display: [UEEditor.Rocket.Release] APIServer = https://datarouter.ol.epicgames.com/. AppVersion = 4.27.2-18319896+++UE4+Release-4.27
[2024.08.11-06.01.44:942][  0]LogEngineSessionManager: EngineSessionManager initialized
[2024.08.11-06.01.44:942][  0]LogEditorSessionSummary: Verbose: Initializing EditorSessionSummaryWriter for editor session tracking
[2024.08.11-06.01.44:945][  0]LogEditorSessionSummary: EditorSessionSummaryWriter initialized
[2024.08.11-06.01.44:967][  0]LogInit: Transaction tracking system initialized
[2024.08.11-06.01.44:996][  0]BlueprintLog: New page: Editor Load
[2024.08.11-06.01.45:090][  0]LocalizationService: Localization service is disabled
[2024.08.11-06.01.45:119][  0]TimingProfiler: Initialize
[2024.08.11-06.01.45:119][  0]TimingProfiler: OnSessionChanged
[2024.08.11-06.01.45:119][  0]LoadingProfiler: Initialize
[2024.08.11-06.01.45:119][  0]LoadingProfiler: OnSessionChanged
[2024.08.11-06.01.45:119][  0]NetworkingProfiler: Initialize
[2024.08.11-06.01.45:119][  0]NetworkingProfiler: OnSessionChanged
[2024.08.11-06.01.45:119][  0]MemoryProfiler: Initialize
[2024.08.11-06.01.45:120][  0]MemoryProfiler: OnSessionChanged
[2024.08.11-06.01.45:325][  0]LogCook: Display: CookSettings for Memory: MemoryMaxUsedVirtual 0MiB, MemoryMaxUsedPhysical 16384MiB, MemoryMinFreeVirtual 0MiB, MemoryMinFreePhysical 1024MiB
[2024.08.11-06.01.45:325][  0]LogCook: Display: Mobile HDR setting 1
[2024.08.11-06.01.45:585][  0]LogFileCache: Scanning file cache for directory 'C:/Github/UELess8/Content/' took 0.01s
[2024.08.11-06.01.45:839][  0]LogInit: Display: Engine is initialized. Leaving FEngineLoop::Init()
[2024.08.11-06.01.45:845][  0]SourceControl: Source control is disabled
[2024.08.11-06.01.45:845][  0]LogUnrealEdMisc: Loading editor; pre map load, took 9.109
[2024.08.11-06.01.45:845][  0]Cmd: MAP LOAD FILE="../../../../../../Github/UELess8/Content/TopDownBP/Maps/TopDownExampleMap.umap" TEMPLATE=0 SHOWPROGRESS=1 FEATURELEVEL=3
[2024.08.11-06.01.45:845][  0]LightingResults: New page: Lighting Build
[2024.08.11-06.01.45:847][  0]LogWorld: UWorld::CleanupWorld for Untitled, bSessionEnded=true, bCleanupResources=true
[2024.08.11-06.01.45:847][  0]LogSlate: InvalidateAllWidgets triggered.  All widgets were invalidated
[2024.08.11-06.01.45:847][  0]MapCheck: New page: Map Check
[2024.08.11-06.01.45:847][  0]LightingResults: New page: Lighting Build
[2024.08.11-06.01.45:854][  0]LogAudio: Display: Audio Device unregistered from world 'None'.
[2024.08.11-06.01.45:858][  0]LogUObjectHash: Compacting FUObjectHashTables data took   1.04ms
[2024.08.11-06.01.46:124][  0]LogTexture: Display: Building textures: DeprecatedTextureFA79271141B0C16E0AB806B8FE9AB1E1 (BGRA8, 128X128)
[2024.08.11-06.01.46:260][  0]LogAudio: Display: Audio Device (ID: 1) registered with world 'TopDownExampleMap'.
[2024.08.11-06.01.46:261][  0]LogAIModule: Creating AISystem for world TopDownExampleMap
[2024.08.11-06.01.46:276][  0]LogEditorServer: Finished looking for orphan Actors (0.000 secs)
[2024.08.11-06.01.46:277][  0]LogNavigationDataBuild: Display:    Building NavData:  Name Default class /Script/NavigationSystem.RecastNavMesh agent radius 35.0.
[2024.08.11-06.01.46:292][  0]LogUObjectHash: Compacting FUObjectHashTables data took   1.12ms
[2024.08.11-06.01.46:294][  0]Cmd: MAP CHECKDEP NOCLEARLOG
[2024.08.11-06.01.46:294][  0]MapCheck: Map check complete: 0 Error(s), 0 Warning(s), took 0,188ms to complete.
[2024.08.11-06.01.46:294][  0]LogFileHelpers: Loading map 'TopDownExampleMap' took 0.449
[2024.08.11-06.01.46:296][  0]LogUnrealEdMisc: Total Editor Startup Time, took 9.560
[2024.08.11-06.01.46:480][  0]LogSlate: Updating window title bar state: overlay mode, drag disabled, window buttons hidden, title bar hidden
[2024.08.11-06.01.46:488][  0]LogSlate: Updating window title bar state: overlay mode, drag disabled, window buttons hidden, title bar hidden
[2024.08.11-06.01.46:495][  0]LogSlate: Updating window title bar state: overlay mode, drag disabled, window buttons hidden, title bar hidden
[2024.08.11-06.01.46:501][  0]LogSlate: Updating window title bar state: overlay mode, drag disabled, window buttons hidden, title bar hidden
[2024.08.11-06.01.46:531][  0]LogNativeClassHierarchy: Verbose: Native class hierarchy populated in 0.0114 seconds. Added 3822 classes and 928 folders.
[2024.08.11-06.01.46:554][  0]LogNativeClassHierarchy: Verbose: Native class hierarchy updated for 'WidgetCarousel' in 0.0003 seconds. Added 0 classes and 0 folders.
[2024.08.11-06.01.46:556][  0]LogPakFile: PakFile PrimaryIndexSize=187
[2024.08.11-06.01.46:556][  0]LogPakFile: PakFile PathHashIndexSize=101
[2024.08.11-06.01.46:556][  0]LogPakFile: PakFile FullDirectoryIndexSize=148
[2024.08.11-06.01.46:556][  0]LogShaderLibrary: Display: ShaderCodeLibraryPakFileMountedCallback: PakFile 'C:/Program Files/Epic Games/UE_4.27/FeaturePacks/FP_FirstPerson.upack' (chunk index -1, root 'root:/') mounted
[2024.08.11-06.01.46:557][  0]LogShaderLibrary: Display: ShaderCodeLibraryPakFileMountedCallback: pending pak file info (ChunkID:-1 Root:root:/ File:C:/Program Files/Epic Games/UE_4.27/FeaturePacks/FP_FirstPerson.upack)
[2024.08.11-06.01.46:557][  0]LogPakFile: OnPakFileMounted2Time == 0.000083
[2024.08.11-06.01.46:557][  0]LogPakFile: PakFile PrimaryIndexSize=189
[2024.08.11-06.01.46:557][  0]LogPakFile: PakFile PathHashIndexSize=101
[2024.08.11-06.01.46:557][  0]LogPakFile: PakFile FullDirectoryIndexSize=152
[2024.08.11-06.01.46:557][  0]LogShaderLibrary: Display: ShaderCodeLibraryPakFileMountedCallback: PakFile 'C:/Program Files/Epic Games/UE_4.27/FeaturePacks/FP_FirstPersonBP.upack' (chunk index -1, root 'root:/') mounted
[2024.08.11-06.01.46:558][  0]LogShaderLibrary: Display: ShaderCodeLibraryPakFileMountedCallback: pending pak file info (ChunkID:-1 Root:root:/ File:C:/Program Files/Epic Games/UE_4.27/FeaturePacks/FP_FirstPersonBP.upack)
[2024.08.11-06.01.46:558][  0]LogPakFile: OnPakFileMounted2Time == 0.000059
[2024.08.11-06.01.46:558][  0]LogPakFile: PakFile PrimaryIndexSize=191
[2024.08.11-06.01.46:558][  0]LogPakFile: PakFile PathHashIndexSize=101
[2024.08.11-06.01.46:558][  0]LogPakFile: PakFile FullDirectoryIndexSize=160
[2024.08.11-06.01.46:558][  0]LogShaderLibrary: Display: ShaderCodeLibraryPakFileMountedCallback: PakFile 'C:/Program Files/Epic Games/UE_4.27/FeaturePacks/MobileStarterContent.upack' (chunk index -1, root 'root:/') mounted
[2024.08.11-06.01.46:558][  0]LogShaderLibrary: Display: ShaderCodeLibraryPakFileMountedCallback: pending pak file info (ChunkID:-1 Root:root:/ File:C:/Program Files/Epic Games/UE_4.27/FeaturePacks/MobileStarterContent.upack)
[2024.08.11-06.01.46:558][  0]LogPakFile: OnPakFileMounted2Time == 0.000044
[2024.08.11-06.01.46:559][  0]LogPakFile: PakFile PrimaryIndexSize=185
[2024.08.11-06.01.46:559][  0]LogPakFile: PakFile PathHashIndexSize=101
[2024.08.11-06.01.46:559][  0]LogPakFile: PakFile FullDirectoryIndexSize=148
[2024.08.11-06.01.46:559][  0]LogShaderLibrary: Display: ShaderCodeLibraryPakFileMountedCallback: PakFile 'C:/Program Files/Epic Games/UE_4.27/FeaturePacks/StarterContent.upack' (chunk index -1, root 'root:/') mounted
[2024.08.11-06.01.46:559][  0]LogShaderLibrary: Display: ShaderCodeLibraryPakFileMountedCallback: pending pak file info (ChunkID:-1 Root:root:/ File:C:/Program Files/Epic Games/UE_4.27/FeaturePacks/StarterContent.upack)
[2024.08.11-06.01.46:559][  0]LogPakFile: OnPakFileMounted2Time == 0.000045
[2024.08.11-06.01.46:560][  0]LogPakFile: PakFile PrimaryIndexSize=190
[2024.08.11-06.01.46:560][  0]LogPakFile: PakFile PathHashIndexSize=101
[2024.08.11-06.01.46:560][  0]LogPakFile: PakFile FullDirectoryIndexSize=154
[2024.08.11-06.01.46:560][  0]LogShaderLibrary: Display: ShaderCodeLibraryPakFileMountedCallback: PakFile 'C:/Program Files/Epic Games/UE_4.27/FeaturePacks/TP_2DSideScroller.upack' (chunk index -1, root 'root:/') mounted
[2024.08.11-06.01.46:560][  0]LogShaderLibrary: Display: ShaderCodeLibraryPakFileMountedCallback: pending pak file info (ChunkID:-1 Root:root:/ File:C:/Program Files/Epic Games/UE_4.27/FeaturePacks/TP_2DSideScroller.upack)
[2024.08.11-06.01.46:560][  0]LogPakFile: OnPakFileMounted2Time == 0.000043
[2024.08.11-06.01.46:561][  0]LogPakFile: PakFile PrimaryIndexSize=192
[2024.08.11-06.01.46:561][  0]LogPakFile: PakFile PathHashIndexSize=101
[2024.08.11-06.01.46:561][  0]LogPakFile: PakFile FullDirectoryIndexSize=158
[2024.08.11-06.01.46:561][  0]LogShaderLibrary: Display: ShaderCodeLibraryPakFileMountedCallback: PakFile 'C:/Program Files/Epic Games/UE_4.27/FeaturePacks/TP_2DSideScrollerBP.upack' (chunk index -1, root 'root:/') mounted
[2024.08.11-06.01.46:561][  0]LogShaderLibrary: Display: ShaderCodeLibraryPakFileMountedCallback: pending pak file info (ChunkID:-1 Root:root:/ File:C:/Program Files/Epic Games/UE_4.27/FeaturePacks/TP_2DSideScrollerBP.upack)
[2024.08.11-06.01.46:561][  0]LogPakFile: OnPakFileMounted2Time == 0.000043
[2024.08.11-06.01.46:561][  0]LogPakFile: PakFile PrimaryIndexSize=182
[2024.08.11-06.01.46:561][  0]LogPakFile: PakFile PathHashIndexSize=101
[2024.08.11-06.01.46:561][  0]LogPakFile: PakFile FullDirectoryIndexSize=138
[2024.08.11-06.01.46:561][  0]LogShaderLibrary: Display: ShaderCodeLibraryPakFileMountedCallback: PakFile 'C:/Program Files/Epic Games/UE_4.27/FeaturePacks/TP_Flying.upack' (chunk index -1, root 'root:/') mounted
[2024.08.11-06.01.46:561][  0]LogShaderLibrary: Display: ShaderCodeLibraryPakFileMountedCallback: pending pak file info (ChunkID:-1 Root:root:/ File:C:/Program Files/Epic Games/UE_4.27/FeaturePacks/TP_Flying.upack)
[2024.08.11-06.01.46:561][  0]LogPakFile: OnPakFileMounted2Time == 0.000044
[2024.08.11-06.01.46:562][  0]LogPakFile: PakFile PrimaryIndexSize=184
[2024.08.11-06.01.46:562][  0]LogPakFile: PakFile PathHashIndexSize=101
[2024.08.11-06.01.46:562][  0]LogPakFile: PakFile FullDirectoryIndexSize=142
[2024.08.11-06.01.46:562][  0]LogShaderLibrary: Display: ShaderCodeLibraryPakFileMountedCallback: PakFile 'C:/Program Files/Epic Games/UE_4.27/FeaturePacks/TP_FlyingBP.upack' (chunk index -1, root 'root:/') mounted
[2024.08.11-06.01.46:562][  0]LogShaderLibrary: Display: ShaderCodeLibraryPakFileMountedCallback: pending pak file info (ChunkID:-1 Root:root:/ File:C:/Program Files/Epic Games/UE_4.27/FeaturePacks/TP_FlyingBP.upack)
[2024.08.11-06.01.46:562][  0]LogPakFile: OnPakFileMounted2Time == 0.000044
[2024.08.11-06.01.46:563][  0]LogPakFile: PakFile PrimaryIndexSize=188
[2024.08.11-06.01.46:563][  0]LogPakFile: PakFile PathHashIndexSize=101
[2024.08.11-06.01.46:563][  0]LogPakFile: PakFile FullDirectoryIndexSize=150
[2024.08.11-06.01.46:563][  0]LogShaderLibrary: Display: ShaderCodeLibraryPakFileMountedCallback: PakFile 'C:/Program Files/Epic Games/UE_4.27/FeaturePacks/TP_HandheldARBP.upack' (chunk index -1, root 'root:/') mounted
[2024.08.11-06.01.46:563][  0]LogShaderLibrary: Display: ShaderCodeLibraryPakFileMountedCallback: pending pak file info (ChunkID:-1 Root:root:/ File:C:/Program Files/Epic Games/UE_4.27/FeaturePacks/TP_HandheldARBP.upack)
[2024.08.11-06.01.46:563][  0]LogPakFile: OnPakFileMounted2Time == 0.000043
[2024.08.11-06.01.46:564][  0]LogPakFile: PakFile PrimaryIndexSize=182
[2024.08.11-06.01.46:564][  0]LogPakFile: PakFile PathHashIndexSize=101
[2024.08.11-06.01.46:564][  0]LogPakFile: PakFile FullDirectoryIndexSize=138
[2024.08.11-06.01.46:564][  0]LogShaderLibrary: Display: ShaderCodeLibraryPakFileMountedCallback: PakFile 'C:/Program Files/Epic Games/UE_4.27/FeaturePacks/TP_Puzzle.upack' (chunk index -1, root 'root:/') mounted
[2024.08.11-06.01.46:564][  0]LogShaderLibrary: Display: ShaderCodeLibraryPakFileMountedCallback: pending pak file info (ChunkID:-1 Root:root:/ File:C:/Program Files/Epic Games/UE_4.27/FeaturePacks/TP_Puzzle.upack)
[2024.08.11-06.01.46:564][  0]LogPakFile: OnPakFileMounted2Time == 0.000044
[2024.08.11-06.01.46:565][  0]LogPakFile: PakFile PrimaryIndexSize=184
[2024.08.11-06.01.46:565][  0]LogPakFile: PakFile PathHashIndexSize=101
[2024.08.11-06.01.46:565][  0]LogPakFile: PakFile FullDirectoryIndexSize=142
[2024.08.11-06.01.46:565][  0]LogShaderLibrary: Display: ShaderCodeLibraryPakFileMountedCallback: PakFile 'C:/Program Files/Epic Games/UE_4.27/FeaturePacks/TP_PuzzleBP.upack' (chunk index -1, root 'root:/') mounted
[2024.08.11-06.01.46:565][  0]LogShaderLibrary: Display: ShaderCodeLibraryPakFileMountedCallback: pending pak file info (ChunkID:-1 Root:root:/ File:C:/Program Files/Epic Games/UE_4.27/FeaturePacks/TP_PuzzleBP.upack)
[2024.08.11-06.01.46:565][  0]LogPakFile: OnPakFileMounted2Time == 0.000043
[2024.08.11-06.01.46:566][  0]LogPakFile: PakFile PrimaryIndexSize=183
[2024.08.11-06.01.46:566][  0]LogPakFile: PakFile PathHashIndexSize=101
[2024.08.11-06.01.46:566][  0]LogPakFile: PakFile FullDirectoryIndexSize=140
[2024.08.11-06.01.46:566][  0]LogShaderLibrary: Display: ShaderCodeLibraryPakFileMountedCallback: PakFile 'C:/Program Files/Epic Games/UE_4.27/FeaturePacks/TP_Rolling.upack' (chunk index -1, root 'root:/') mounted
[2024.08.11-06.01.46:566][  0]LogShaderLibrary: Display: ShaderCodeLibraryPakFileMountedCallback: pending pak file info (ChunkID:-1 Root:root:/ File:C:/Program Files/Epic Games/UE_4.27/FeaturePacks/TP_Rolling.upack)
[2024.08.11-06.01.46:566][  0]LogPakFile: OnPakFileMounted2Time == 0.000051
[2024.08.11-06.01.46:567][  0]LogPakFile: PakFile PrimaryIndexSize=185
[2024.08.11-06.01.46:567][  0]LogPakFile: PakFile PathHashIndexSize=101
[2024.08.11-06.01.46:567][  0]LogPakFile: PakFile FullDirectoryIndexSize=144
[2024.08.11-06.01.46:567][  0]LogShaderLibrary: Display: ShaderCodeLibraryPakFileMountedCallback: PakFile 'C:/Program Files/Epic Games/UE_4.27/FeaturePacks/TP_RollingBP.upack' (chunk index -1, root 'root:/') mounted
[2024.08.11-06.01.46:567][  0]LogShaderLibrary: Display: ShaderCodeLibraryPakFileMountedCallback: pending pak file info (ChunkID:-1 Root:root:/ File:C:/Program Files/Epic Games/UE_4.27/FeaturePacks/TP_RollingBP.upack)
[2024.08.11-06.01.46:567][  0]LogPakFile: OnPakFileMounted2Time == 0.000043
[2024.08.11-06.01.46:568][  0]LogPakFile: PakFile PrimaryIndexSize=188
[2024.08.11-06.01.46:568][  0]LogPakFile: PakFile PathHashIndexSize=101
[2024.08.11-06.01.46:568][  0]LogPakFile: PakFile FullDirectoryIndexSize=150
[2024.08.11-06.01.46:568][  0]LogShaderLibrary: Display: ShaderCodeLibraryPakFileMountedCallback: PakFile 'C:/Program Files/Epic Games/UE_4.27/FeaturePacks/TP_SideScroller.upack' (chunk index -1, root 'root:/') mounted
[2024.08.11-06.01.46:568][  0]LogShaderLibrary: Display: ShaderCodeLibraryPakFileMountedCallback: pending pak file info (ChunkID:-1 Root:root:/ File:C:/Program Files/Epic Games/UE_4.27/FeaturePacks/TP_SideScroller.upack)
[2024.08.11-06.01.46:568][  0]LogPakFile: OnPakFileMounted2Time == 0.000058
[2024.08.11-06.01.46:568][  0]LogPakFile: PakFile PrimaryIndexSize=190
[2024.08.11-06.01.46:568][  0]LogPakFile: PakFile PathHashIndexSize=101
[2024.08.11-06.01.46:568][  0]LogPakFile: PakFile FullDirectoryIndexSize=154
[2024.08.11-06.01.46:568][  0]LogShaderLibrary: Display: ShaderCodeLibraryPakFileMountedCallback: PakFile 'C:/Program Files/Epic Games/UE_4.27/FeaturePacks/TP_SideScrollerBP.upack' (chunk index -1, root 'root:/') mounted
[2024.08.11-06.01.46:569][  0]LogShaderLibrary: Display: ShaderCodeLibraryPakFileMountedCallback: pending pak file info (ChunkID:-1 Root:root:/ File:C:/Program Files/Epic Games/UE_4.27/FeaturePacks/TP_SideScrollerBP.upack)
[2024.08.11-06.01.46:569][  0]LogPakFile: OnPakFileMounted2Time == 0.000060
[2024.08.11-06.01.46:569][  0]LogPakFile: PakFile PrimaryIndexSize=187
[2024.08.11-06.01.46:569][  0]LogPakFile: PakFile PathHashIndexSize=101
[2024.08.11-06.01.46:569][  0]LogPakFile: PakFile FullDirectoryIndexSize=148
[2024.08.11-06.01.46:569][  0]LogShaderLibrary: Display: ShaderCodeLibraryPakFileMountedCallback: PakFile 'C:/Program Files/Epic Games/UE_4.27/FeaturePacks/TP_ThirdPerson.upack' (chunk index -1, root 'root:/') mounted
[2024.08.11-06.01.46:569][  0]LogShaderLibrary: Display: ShaderCodeLibraryPakFileMountedCallback: pending pak file info (ChunkID:-1 Root:root:/ File:C:/Program Files/Epic Games/UE_4.27/FeaturePacks/TP_ThirdPerson.upack)
[2024.08.11-06.01.46:569][  0]LogPakFile: OnPakFileMounted2Time == 0.000050
[2024.08.11-06.01.46:570][  0]LogPakFile: PakFile PrimaryIndexSize=189
[2024.08.11-06.01.46:570][  0]LogPakFile: PakFile PathHashIndexSize=101
[2024.08.11-06.01.46:570][  0]LogPakFile: PakFile FullDirectoryIndexSize=152
[2024.08.11-06.01.46:570][  0]LogShaderLibrary: Display: ShaderCodeLibraryPakFileMountedCallback: PakFile 'C:/Program Files/Epic Games/UE_4.27/FeaturePacks/TP_ThirdPersonBP.upack' (chunk index -1, root 'root:/') mounted
[2024.08.11-06.01.46:570][  0]LogShaderLibrary: Display: ShaderCodeLibraryPakFileMountedCallback: pending pak file info (ChunkID:-1 Root:root:/ File:C:/Program Files/Epic Games/UE_4.27/FeaturePacks/TP_ThirdPersonBP.upack)
[2024.08.11-06.01.46:570][  0]LogPakFile: OnPakFileMounted2Time == 0.000045
[2024.08.11-06.01.46:571][  0]LogPakFile: PakFile PrimaryIndexSize=183
[2024.08.11-06.01.46:571][  0]LogPakFile: PakFile PathHashIndexSize=101
[2024.08.11-06.01.46:571][  0]LogPakFile: PakFile FullDirectoryIndexSize=140
[2024.08.11-06.01.46:571][  0]LogShaderLibrary: Display: ShaderCodeLibraryPakFileMountedCallback: PakFile 'C:/Program Files/Epic Games/UE_4.27/FeaturePacks/TP_TopDown.upack' (chunk index -1, root 'root:/') mounted
[2024.08.11-06.01.46:571][  0]LogShaderLibrary: Display: ShaderCodeLibraryPakFileMountedCallback: pending pak file info (ChunkID:-1 Root:root:/ File:C:/Program Files/Epic Games/UE_4.27/FeaturePacks/TP_TopDown.upack)
[2024.08.11-06.01.46:571][  0]LogPakFile: OnPakFileMounted2Time == 0.000052
[2024.08.11-06.01.46:572][  0]LogPakFile: PakFile PrimaryIndexSize=185
[2024.08.11-06.01.46:572][  0]LogPakFile: PakFile PathHashIndexSize=101
[2024.08.11-06.01.46:572][  0]LogPakFile: PakFile FullDirectoryIndexSize=144
[2024.08.11-06.01.46:572][  0]LogShaderLibrary: Display: ShaderCodeLibraryPakFileMountedCallback: PakFile 'C:/Program Files/Epic Games/UE_4.27/FeaturePacks/TP_TopDownBP.upack' (chunk index -1, root 'root:/') mounted
[2024.08.11-06.01.46:572][  0]LogShaderLibrary: Display: ShaderCodeLibraryPakFileMountedCallback: pending pak file info (ChunkID:-1 Root:root:/ File:C:/Program Files/Epic Games/UE_4.27/FeaturePacks/TP_TopDownBP.upack)
[2024.08.11-06.01.46:572][  0]LogPakFile: OnPakFileMounted2Time == 0.000044
[2024.08.11-06.01.46:573][  0]LogPakFile: PakFile PrimaryIndexSize=185
[2024.08.11-06.01.46:573][  0]LogPakFile: PakFile PathHashIndexSize=101
[2024.08.11-06.01.46:573][  0]LogPakFile: PakFile FullDirectoryIndexSize=144
[2024.08.11-06.01.46:573][  0]LogShaderLibrary: Display: ShaderCodeLibraryPakFileMountedCallback: PakFile 'C:/Program Files/Epic Games/UE_4.27/FeaturePacks/TP_TwinStick.upack' (chunk index -1, root 'root:/') mounted
[2024.08.11-06.01.46:573][  0]LogShaderLibrary: Display: ShaderCodeLibraryPakFileMountedCallback: pending pak file info (ChunkID:-1 Root:root:/ File:C:/Program Files/Epic Games/UE_4.27/FeaturePacks/TP_TwinStick.upack)
[2024.08.11-06.01.46:573][  0]LogPakFile: OnPakFileMounted2Time == 0.000043
[2024.08.11-06.01.46:573][  0]LogPakFile: PakFile PrimaryIndexSize=187
[2024.08.11-06.01.46:574][  0]LogPakFile: PakFile PathHashIndexSize=101
[2024.08.11-06.01.46:574][  0]LogPakFile: PakFile FullDirectoryIndexSize=148
[2024.08.11-06.01.46:574][  0]LogShaderLibrary: Display: ShaderCodeLibraryPakFileMountedCallback: PakFile 'C:/Program Files/Epic Games/UE_4.27/FeaturePacks/TP_TwinStickBP.upack' (chunk index -1, root 'root:/') mounted
[2024.08.11-06.01.46:574][  0]LogShaderLibrary: Display: ShaderCodeLibraryPakFileMountedCallback: pending pak file info (ChunkID:-1 Root:root:/ File:C:/Program Files/Epic Games/UE_4.27/FeaturePacks/TP_TwinStickBP.upack)
[2024.08.11-06.01.46:574][  0]LogPakFile: OnPakFileMounted2Time == 0.000053
[2024.08.11-06.01.46:574][  0]LogPakFile: PakFile PrimaryIndexSize=183
[2024.08.11-06.01.46:574][  0]LogPakFile: PakFile PathHashIndexSize=101
[2024.08.11-06.01.46:574][  0]LogPakFile: PakFile FullDirectoryIndexSize=140
[2024.08.11-06.01.46:574][  0]LogShaderLibrary: Display: ShaderCodeLibraryPakFileMountedCallback: PakFile 'C:/Program Files/Epic Games/UE_4.27/FeaturePacks/TP_Vehicle.upack' (chunk index -1, root 'root:/') mounted
[2024.08.11-06.01.46:574][  0]LogShaderLibrary: Display: ShaderCodeLibraryPakFileMountedCallback: pending pak file info (ChunkID:-1 Root:root:/ File:C:/Program Files/Epic Games/UE_4.27/FeaturePacks/TP_Vehicle.upack)
[2024.08.11-06.01.46:574][  0]LogPakFile: OnPakFileMounted2Time == 0.000043
[2024.08.11-06.01.46:575][  0]LogPakFile: PakFile PrimaryIndexSize=186
[2024.08.11-06.01.46:575][  0]LogPakFile: PakFile PathHashIndexSize=101
[2024.08.11-06.01.46:575][  0]LogPakFile: PakFile FullDirectoryIndexSize=146
[2024.08.11-06.01.46:575][  0]LogShaderLibrary: Display: ShaderCodeLibraryPakFileMountedCallback: PakFile 'C:/Program Files/Epic Games/UE_4.27/FeaturePacks/TP_VehicleAdv.upack' (chunk index -1, root 'root:/') mounted
[2024.08.11-06.01.46:575][  0]LogShaderLibrary: Display: ShaderCodeLibraryPakFileMountedCallback: pending pak file info (ChunkID:-1 Root:root:/ File:C:/Program Files/Epic Games/UE_4.27/FeaturePacks/TP_VehicleAdv.upack)
[2024.08.11-06.01.46:575][  0]LogPakFile: OnPakFileMounted2Time == 0.000051
[2024.08.11-06.01.46:576][  0]LogPakFile: PakFile PrimaryIndexSize=188
[2024.08.11-06.01.46:576][  0]LogPakFile: PakFile PathHashIndexSize=101
[2024.08.11-06.01.46:576][  0]LogPakFile: PakFile FullDirectoryIndexSize=150
[2024.08.11-06.01.46:576][  0]LogShaderLibrary: Display: ShaderCodeLibraryPakFileMountedCallback: PakFile 'C:/Program Files/Epic Games/UE_4.27/FeaturePacks/TP_VehicleAdvBP.upack' (chunk index -1, root 'root:/') mounted
[2024.08.11-06.01.46:576][  0]LogShaderLibrary: Display: ShaderCodeLibraryPakFileMountedCallback: pending pak file info (ChunkID:-1 Root:root:/ File:C:/Program Files/Epic Games/UE_4.27/FeaturePacks/TP_VehicleAdvBP.upack)
[2024.08.11-06.01.46:576][  0]LogPakFile: OnPakFileMounted2Time == 0.000043
[2024.08.11-06.01.46:577][  0]LogPakFile: PakFile PrimaryIndexSize=185
[2024.08.11-06.01.46:577][  0]LogPakFile: PakFile PathHashIndexSize=101
[2024.08.11-06.01.46:577][  0]LogPakFile: PakFile FullDirectoryIndexSize=144
[2024.08.11-06.01.46:577][  0]LogShaderLibrary: Display: ShaderCodeLibraryPakFileMountedCallback: PakFile 'C:/Program Files/Epic Games/UE_4.27/FeaturePacks/TP_VehicleBP.upack' (chunk index -1, root 'root:/') mounted
[2024.08.11-06.01.46:577][  0]LogShaderLibrary: Display: ShaderCodeLibraryPakFileMountedCallback: pending pak file info (ChunkID:-1 Root:root:/ File:C:/Program Files/Epic Games/UE_4.27/FeaturePacks/TP_VehicleBP.upack)
[2024.08.11-06.01.46:577][  0]LogPakFile: OnPakFileMounted2Time == 0.000043
[2024.08.11-06.01.46:579][  0]LogPakFile: PakFile PrimaryIndexSize=192
[2024.08.11-06.01.46:579][  0]LogPakFile: PakFile PathHashIndexSize=101
[2024.08.11-06.01.46:579][  0]LogPakFile: PakFile FullDirectoryIndexSize=158
[2024.08.11-06.01.46:579][  0]LogShaderLibrary: Display: ShaderCodeLibraryPakFileMountedCallback: PakFile 'C:/Program Files/Epic Games/UE_4.27/FeaturePacks/TP_VirtualRealityBP.upack' (chunk index -1, root 'root:/') mounted
[2024.08.11-06.01.46:579][  0]LogShaderLibrary: Display: ShaderCodeLibraryPakFileMountedCallback: pending pak file info (ChunkID:-1 Root:root:/ File:C:/Program Files/Epic Games/UE_4.27/FeaturePacks/TP_VirtualRealityBP.upack)
[2024.08.11-06.01.46:579][  0]LogPakFile: OnPakFileMounted2Time == 0.000054
[2024.08.11-06.01.46:644][  0]LogNativeClassHierarchy: Verbose: Native class hierarchy updated for 'AddContentDialog' in 0.0003 seconds. Added 0 classes and 0 folders.
[2024.08.11-06.01.46:648][  0]LogNativeClassHierarchy: Verbose: Native class hierarchy updated for 'SceneOutliner' in 0.0002 seconds. Added 2 classes and 0 folders.
[2024.08.11-06.01.46:821][  0]LogSlate: Took 0.000379 seconds to synchronously load lazily loaded font '../../../Engine/Content/Slate/Fonts/Roboto-Regular.ttf' (155K)
[2024.08.11-06.01.46:827][  0]LogSlate: Took 0.004354 seconds to synchronously load lazily loaded font '../../../Engine/Content/Editor/Slate/Fonts/FontAwesome.ttf' (139K)
[2024.08.11-06.01.46:829][  0]LogSlate: Took 0.000175 seconds to synchronously load lazily loaded font '../../../Engine/Content/Slate/Fonts/Roboto-Bold.ttf' (160K)
[2024.08.11-06.01.46:978][  0]LogRenderer: Reallocating scene render targets to support 1132x536 Format 10 NumSamples 1 (Frame:1).
[2024.08.11-06.01.47:762][  0]LogSlate: Took 0.000246 seconds to synchronously load lazily loaded font '../../../Engine/Content/Slate/Fonts/Roboto-Light.ttf' (167K)
[2024.08.11-06.01.47:871][  0]LogNativeClassHierarchy: Verbose: Native class hierarchy updated for 'HierarchicalLODOutliner' in 0.0003 seconds. Added 0 classes and 0 folders.
[2024.08.11-06.01.47:871][  0]LogInput: Warning: Action SetDestination uses invalid key OculusGo_Left_Trigger_Click.
[2024.08.11-06.01.47:871][  0]LogInput: Warning: Action ResetVR uses invalid key OculusGo_Left_Back_Click.
[2024.08.11-06.01.47:871][  0]LogInput: Warning: Use -RemoveInvalidKeys to remove instances of these keys from the action mapping.
[2024.08.11-06.01.47:871][  0]LogLoad: (Engine Initialization) Total time: 11.14 seconds
[2024.08.11-06.01.47:871][  0]LogLoad: (Engine Initialization) Total Blueprint compile time: 0.00 seconds
[2024.08.11-06.01.47:919][  0]LogAssetRegistry: Asset discovery search completed in 7.0495 seconds
[2024.08.11-06.01.47:926][  0]LogCollectionManager: Fixed up redirectors for 0 collections in 0.000004 seconds (updated 0 objects)
[2024.08.11-06.01.47:926][  0]LogContentStreaming: Texture pool size now 1000 MB
[2024.08.11-06.01.48:024][  0]LogRenderer: Reallocating scene render targets to support 1132x552 Format 10 NumSamples 1 (Frame:2).
